[2020-01-19T09:37:36.126] [DEBUG] cheese - login => username:zs,password:123456
[2020-01-19T09:37:36.129] [DEBUG] cheese - zs
[2020-01-19T09:37:36.144] [DEBUG] cheese - null
[2020-01-19T09:37:36.144] [DEBUG] cheese - null
[2020-01-19T09:37:45.423] [DEBUG] cheese - login => username:admin,password:123456
[2020-01-19T09:37:45.423] [DEBUG] cheese - admin
[2020-01-19T09:37:45.432] [DEBUG] cheese - null
[2020-01-19T09:37:45.432] [DEBUG] cheese - null
[2020-01-19T14:58:49.600] [DEBUG] cheese - login => username:admin,password:123456
[2020-01-19T14:58:49.602] [DEBUG] cheese - admin
[2020-01-19T14:58:49.617] [DEBUG] cheese - null
[2020-01-19T14:58:49.618] [DEBUG] cheese - null
[2020-01-19T14:59:44.235] [DEBUG] cheese - login => username:admin,password:123456
[2020-01-19T14:59:44.235] [DEBUG] cheese - admin
[2020-01-19T14:59:44.238] [DEBUG] cheese - null
[2020-01-19T14:59:44.239] [DEBUG] cheese - null
[2020-01-19T15:17:42.569] [DEBUG] cheese - login => username:admin,password:123456
[2020-01-19T15:17:42.570] [DEBUG] cheese - admin
[2020-01-19T15:17:42.574] [DEBUG] cheese - null
[2020-01-19T15:17:42.574] [DEBUG] cheese - null
[2020-01-19T15:18:22.727] [DEBUG] cheese - login => username:admin,password:123456
[2020-01-19T15:18:22.727] [DEBUG] cheese - admin
[2020-01-19T15:18:22.729] [DEBUG] cheese - null
[2020-01-19T15:18:22.729] [DEBUG] cheese - null
[2020-01-19T15:18:26.210] [DEBUG] cheese - login => username:admin,password:123456
[2020-01-19T15:18:26.210] [DEBUG] cheese - admin
[2020-01-19T15:18:26.213] [DEBUG] cheese - null
[2020-01-19T15:18:26.213] [DEBUG] cheese - null
[2020-01-19T15:18:28.096] [DEBUG] cheese - login => username:admina,password:123456
[2020-01-19T15:18:28.096] [DEBUG] cheese - admina
[2020-01-19T15:18:28.098] [DEBUG] cheese - null
[2020-01-19T15:18:28.098] [DEBUG] cheese - null
[2020-01-19T15:25:07.169] [DEBUG] cheese - login => username:admin,password:123456
[2020-01-19T15:25:07.170] [DEBUG] cheese - admin
[2020-01-19T15:25:07.172] [DEBUG] cheese - null
[2020-01-19T15:25:07.173] [DEBUG] cheese - null
[2020-01-19T15:26:31.579] [DEBUG] cheese - login => username:admin,password:123456d
[2020-01-19T15:26:31.579] [DEBUG] cheese - admin
[2020-01-19T15:26:31.581] [DEBUG] cheese - null
[2020-01-19T15:26:31.581] [DEBUG] cheese - null
[2020-01-19T15:26:34.835] [DEBUG] cheese - login => username:admin,password:123456d
[2020-01-19T15:26:34.835] [DEBUG] cheese - admin
[2020-01-19T15:26:34.836] [DEBUG] cheese - null
[2020-01-19T15:26:34.837] [DEBUG] cheese - null
[2020-01-19T15:26:35.293] [DEBUG] cheese - login => username:admin,password:123456d
[2020-01-19T15:26:35.293] [DEBUG] cheese - admin
[2020-01-19T15:26:35.296] [DEBUG] cheese - null
[2020-01-19T15:26:35.296] [DEBUG] cheese - null
[2020-01-19T15:26:40.302] [DEBUG] cheese - login => username:admin,password:123456
[2020-01-19T15:26:40.302] [DEBUG] cheese - admin
[2020-01-19T15:26:40.304] [DEBUG] cheese - null
[2020-01-19T15:26:40.304] [DEBUG] cheese - null
[2020-01-19T15:28:41.289] [DEBUG] cheese - login => username:admin,password:123456
[2020-01-19T15:28:41.289] [DEBUG] cheese - admin
[2020-01-19T15:28:41.291] [DEBUG] cheese - null
[2020-01-19T15:28:41.291] [DEBUG] cheese - null
[2020-01-19T15:29:36.110] [DEBUG] cheese - login => username:admin,password:123456
[2020-01-19T15:29:36.110] [DEBUG] cheese - admin
[2020-01-19T15:29:36.113] [DEBUG] cheese - null
[2020-01-19T15:29:36.113] [DEBUG] cheese - null
[2020-01-19T15:30:03.885] [DEBUG] cheese - login => username:admin,password:123456
[2020-01-19T15:30:03.885] [DEBUG] cheese - admin
[2020-01-19T15:30:03.888] [DEBUG] cheese - null
[2020-01-19T15:30:03.888] [DEBUG] cheese - null
[2020-01-19T15:42:40.236] [DEBUG] cheese - login => username:admin,password:123456
[2020-01-19T15:42:40.236] [DEBUG] cheese - admin
[2020-01-19T15:42:40.239] [DEBUG] cheese - null
[2020-01-19T15:42:40.239] [DEBUG] cheese - null
[2020-01-19T16:03:47.994] [DEBUG] cheese - login => username:admin,password:123456
[2020-01-19T16:03:47.994] [DEBUG] cheese - admin
[2020-01-19T16:03:47.997] [DEBUG] cheese - null
[2020-01-19T16:03:47.997] [DEBUG] cheese - null
[2020-01-19T16:10:45.012] [DEBUG] cheese - login => username:admin,password:123456
[2020-01-19T16:10:45.012] [DEBUG] cheese - admin
[2020-01-19T16:10:45.016] [DEBUG] cheese - null
[2020-01-19T16:10:45.016] [DEBUG] cheese - null
[2020-01-19T16:11:53.433] [DEBUG] cheese - login => username:admin,password:123456
[2020-01-19T16:11:53.433] [DEBUG] cheese - admin
[2020-01-19T16:11:53.436] [DEBUG] cheese - null
[2020-01-19T16:11:53.436] [DEBUG] cheese - null
[2020-01-19T16:18:49.514] [DEBUG] cheese - login => username:admin,password:123456
[2020-01-19T16:18:49.514] [DEBUG] cheese - admin
[2020-01-19T16:18:49.516] [DEBUG] cheese - null
[2020-01-19T16:18:49.517] [DEBUG] cheese - null
[2020-01-19T16:28:16.679] [DEBUG] cheese - login => username:admin,password:123456
[2020-01-19T16:28:16.679] [DEBUG] cheese - admin
[2020-01-19T16:28:16.681] [DEBUG] cheese - null
[2020-01-19T16:28:16.681] [DEBUG] cheese - null
[2020-01-19T16:56:02.532] [DEBUG] cheese - login => username:admin,password:123456
[2020-01-19T16:56:02.533] [DEBUG] cheese - admin
[2020-01-19T16:56:02.536] [DEBUG] cheese - null
[2020-01-19T16:56:02.536] [DEBUG] cheese - null
[2020-01-19T17:21:38.815] [DEBUG] cheese - login => username:admin,password:123456
[2020-01-19T17:21:38.815] [DEBUG] cheese - admin
[2020-01-19T17:21:38.817] [DEBUG] cheese - null
[2020-01-19T17:21:38.817] [DEBUG] cheese - null
[2020-01-19T17:23:50.368] [DEBUG] cheese - login => username:admin,password:123456
[2020-01-19T17:23:50.369] [DEBUG] cheese - admin
[2020-01-19T17:23:50.371] [DEBUG] cheese - null
[2020-01-19T17:23:50.371] [DEBUG] cheese - null
[2020-01-19T17:24:24.053] [DEBUG] cheese - login => username:admin,password:123456
[2020-01-19T17:24:24.053] [DEBUG] cheese - admin
[2020-01-19T17:24:24.055] [DEBUG] cheese - null
[2020-01-19T17:24:24.055] [DEBUG] cheese - null
[2020-01-19T17:28:18.312] [DEBUG] cheese - login => username:admin,password:123456
[2020-01-19T17:28:18.312] [DEBUG] cheese - admin
[2020-01-19T17:28:18.315] [DEBUG] cheese - null
[2020-01-19T17:28:18.315] [DEBUG] cheese - null
[2020-01-19T17:44:37.466] [DEBUG] cheese - login => username:admin,password:123456
[2020-01-19T17:44:37.466] [DEBUG] cheese - admin
[2020-01-19T17:44:37.469] [DEBUG] cheese - null
[2020-01-19T17:44:37.469] [DEBUG] cheese - null
[2020-01-19T17:46:20.424] [DEBUG] cheese - login => username:admin,password:123456
[2020-01-19T17:46:20.424] [DEBUG] cheese - admin
[2020-01-19T17:46:20.428] [DEBUG] cheese - null
[2020-01-19T17:46:20.428] [DEBUG] cheese - null
[2020-01-19T21:53:47.644] [DEBUG] cheese - login => username:admin,password:123456
[2020-01-19T21:53:47.644] [DEBUG] cheese - admin
[2020-01-19T21:53:47.647] [DEBUG] cheese - null
[2020-01-19T21:53:47.647] [DEBUG] cheese - null
[2020-01-19T22:21:52.998] [DEBUG] cheese - login => username:admin,password:123456
[2020-01-19T22:21:52.998] [DEBUG] cheese - admin
[2020-01-19T22:21:53.001] [DEBUG] cheese - null
[2020-01-19T22:21:53.001] [DEBUG] cheese - null
[2020-01-19T23:08:34.335] [DEBUG] cheese - login => username:admin,password:123456
[2020-01-19T23:08:34.335] [DEBUG] cheese - admin
[2020-01-19T23:08:34.337] [DEBUG] cheese - null
[2020-01-19T23:08:34.337] [DEBUG] cheese - null
[2020-01-20T16:15:37.043] [DEBUG] cheese - login => username:admin,password:123456
[2020-01-20T16:15:37.045] [DEBUG] cheese - admin
[2020-01-20T16:15:37.055] [DEBUG] cheese - null
[2020-01-20T16:15:37.056] [DEBUG] cheese - null
[2020-01-20T16:40:51.810] [DEBUG] cheese - login => username:admin,password:123456
[2020-01-20T16:40:51.810] [DEBUG] cheese - admin
[2020-01-20T16:40:51.814] [DEBUG] cheese - null
[2020-01-20T16:40:51.814] [DEBUG] cheese - null
[2020-01-20T23:36:37.377] [DEBUG] cheese - login => username:admin,password:123456
[2020-01-20T23:36:37.378] [DEBUG] cheese - admin
[2020-01-20T23:36:37.380] [DEBUG] cheese - null
[2020-01-20T23:36:37.380] [DEBUG] cheese - null
[2020-01-21T15:57:20.945] [DEBUG] cheese - null
[2020-01-21T23:03:47.319] [DEBUG] cheese - login => username:admin,password:123456
[2020-01-21T23:03:47.320] [DEBUG] cheese - admin
[2020-01-21T23:03:47.323] [DEBUG] cheese - null
[2020-01-21T23:03:47.323] [DEBUG] cheese - null
[2020-01-23T20:44:20.582] [DEBUG] cheese - login => username:admin,password:123456
[2020-01-23T20:44:20.585] [DEBUG] cheese - admin
[2020-01-23T20:44:20.604] [DEBUG] cheese - null
[2020-01-23T20:44:20.605] [DEBUG] cheese - null
[2020-01-25T12:07:27.757] [DEBUG] cheese - login => username:admin,password:123456
[2020-01-25T12:07:27.758] [DEBUG] cheese - admin
[2020-01-25T12:07:27.868] [DEBUG] cheese - null
[2020-01-25T12:07:27.868] [DEBUG] cheese - null
[2020-01-25T17:55:09.328] [DEBUG] cheese - login => username:admin,password:123456
[2020-01-25T17:55:09.328] [DEBUG] cheese - admin
[2020-01-25T17:55:09.330] [DEBUG] cheese - null
[2020-01-25T17:55:09.330] [DEBUG] cheese - null
[2020-01-25T17:56:06.587] [DEBUG] cheese - login => username:admi,password:123456
[2020-01-25T17:56:06.588] [DEBUG] cheese - admi
[2020-01-25T17:56:06.589] [DEBUG] cheese - null
[2020-01-25T17:56:06.589] [DEBUG] cheese - null
[2020-01-25T17:56:10.552] [DEBUG] cheese - login => username:admin,password:123456
[2020-01-25T17:56:10.552] [DEBUG] cheese - admin
[2020-01-25T17:56:10.555] [DEBUG] cheese - null
[2020-01-25T17:56:10.555] [DEBUG] cheese - null
[2020-01-25T17:56:25.692] [DEBUG] cheese - login => username:linken,password:123456
[2020-01-25T17:56:25.692] [DEBUG] cheese - linken
[2020-01-25T17:56:25.695] [DEBUG] cheese - null
[2020-01-25T17:56:25.695] [DEBUG] cheese - null
[2020-01-25T17:56:33.086] [DEBUG] cheese - login => username:admin,password:123456
[2020-01-25T17:56:33.086] [DEBUG] cheese - admin
[2020-01-25T17:56:33.089] [DEBUG] cheese - null
[2020-01-25T17:56:33.089] [DEBUG] cheese - null
[2020-01-25T18:01:11.807] [DEBUG] cheese - login => username:auth,password:123456
[2020-01-25T18:01:11.807] [DEBUG] cheese - auth
[2020-01-25T18:01:11.809] [DEBUG] cheese - null
[2020-01-25T18:01:11.809] [DEBUG] cheese - null
[2020-01-25T18:01:21.331] [DEBUG] cheese - login => username:auth,password:123456
[2020-01-25T18:01:21.331] [DEBUG] cheese - auth
[2020-01-25T18:01:21.333] [DEBUG] cheese - null
[2020-01-25T18:01:21.333] [DEBUG] cheese - null
[2020-01-25T18:01:22.594] [DEBUG] cheese - login => username:admin,password:123456
[2020-01-25T18:01:22.594] [DEBUG] cheese - admin
[2020-01-25T18:01:22.596] [DEBUG] cheese - null
[2020-01-25T18:01:22.596] [DEBUG] cheese - null
[2020-01-25T18:01:46.719] [DEBUG] cheese - login => username:auth,password:123456
[2020-01-25T18:01:46.719] [DEBUG] cheese - auth
[2020-01-25T18:01:46.720] [DEBUG] cheese - null
[2020-01-25T18:01:46.720] [DEBUG] cheese - null
[2020-01-25T18:01:49.042] [DEBUG] cheese - null
[2020-01-25T18:01:49.045] [DEBUG] cheese - null
[2020-01-25T18:01:52.237] [DEBUG] cheese - null
[2020-01-25T18:01:52.238] [DEBUG] cheese - null
[2020-01-25T18:01:53.421] [DEBUG] cheese - null
[2020-01-25T18:01:53.424] [DEBUG] cheese - null
[2020-01-25T18:01:59.201] [DEBUG] cheese - login => username:admin,password:123456
[2020-01-25T18:01:59.201] [DEBUG] cheese - admin
[2020-01-25T18:01:59.202] [DEBUG] cheese - null
[2020-01-25T18:01:59.202] [DEBUG] cheese - null
[2020-01-26T13:07:24.764] [DEBUG] cheese - login => username:admin,password:123456
[2020-01-26T13:07:24.764] [DEBUG] cheese - admin
[2020-01-26T13:07:24.767] [DEBUG] cheese - null
[2020-01-26T13:07:24.767] [DEBUG] cheese - null
[2020-01-26T16:04:29.486] [DEBUG] cheese - login => username:admin,password:123456
[2020-01-26T16:04:29.486] [DEBUG] cheese - admin
[2020-01-26T16:04:29.592] [DEBUG] cheese - null
[2020-01-26T16:04:29.592] [DEBUG] cheese - null
[2020-01-26T17:42:27.771] [DEBUG] cheese - login => username:orders,password:123456
[2020-01-26T17:42:27.772] [DEBUG] cheese - orders
[2020-01-26T17:42:27.776] [DEBUG] cheese - null
[2020-01-26T17:42:27.776] [DEBUG] cheese - null
[2020-01-26T17:42:37.026] [DEBUG] cheese - login => username:admin,password:123456
[2020-01-26T17:42:37.026] [DEBUG] cheese - admin
[2020-01-26T17:42:37.031] [DEBUG] cheese - null
[2020-01-26T17:42:37.031] [DEBUG] cheese - null
[2020-01-26T17:42:51.967] [DEBUG] cheese - login => username:good,password:123456
[2020-01-26T17:42:51.967] [DEBUG] cheese - good
[2020-01-26T17:42:51.968] [DEBUG] cheese - null
[2020-01-26T17:42:51.969] [DEBUG] cheese - null
[2020-01-26T17:42:57.198] [DEBUG] cheese - login => username:good,password:123456
[2020-01-26T17:42:57.198] [DEBUG] cheese - good
[2020-01-26T17:42:57.202] [DEBUG] cheese - null
[2020-01-26T17:42:57.202] [DEBUG] cheese - null
[2020-01-26T17:43:03.117] [DEBUG] cheese - login => username:admin,password:123456
[2020-01-26T17:43:03.117] [DEBUG] cheese - admin
[2020-01-26T17:43:03.121] [DEBUG] cheese - null
[2020-01-26T17:43:03.121] [DEBUG] cheese - null
[2020-01-26T17:59:57.263] [DEBUG] cheese - login => username:linken,password:123456
[2020-01-26T17:59:57.263] [DEBUG] cheese - linken
[2020-01-26T17:59:57.266] [DEBUG] cheese - null
[2020-01-26T17:59:57.266] [DEBUG] cheese - null
[2020-01-26T17:59:59.567] [DEBUG] cheese - null
[2020-01-26T17:59:59.571] [DEBUG] cheese - null
[2020-01-26T18:00:00.669] [DEBUG] cheese - null
[2020-01-26T18:00:00.673] [DEBUG] cheese - null
[2020-01-26T18:00:01.722] [DEBUG] cheese - null
[2020-01-26T18:00:01.725] [DEBUG] cheese - null
[2020-01-26T18:00:12.566] [DEBUG] cheese - null
[2020-01-26T18:00:12.571] [DEBUG] cheese - null
[2020-01-26T18:00:13.701] [DEBUG] cheese - null
[2020-01-26T18:00:13.705] [DEBUG] cheese - null
[2020-01-26T18:00:20.653] [DEBUG] cheese - login => username:admin,password:123456
[2020-01-26T18:00:20.653] [DEBUG] cheese - admin
[2020-01-26T18:00:20.657] [DEBUG] cheese - null
[2020-01-26T18:00:20.657] [DEBUG] cheese - null
[2020-01-26T18:01:02.169] [DEBUG] cheese - login => username:admin,password:123456
[2020-01-26T18:01:02.169] [DEBUG] cheese - admin
[2020-01-26T18:01:02.174] [DEBUG] cheese - null
[2020-01-26T18:01:02.174] [DEBUG] cheese - null
[2020-01-26T18:01:11.646] [DEBUG] cheese - login => username:orders,password:123456
[2020-01-26T18:01:11.646] [DEBUG] cheese - orders
[2020-01-26T18:01:11.650] [DEBUG] cheese - null
[2020-01-26T18:01:11.650] [DEBUG] cheese - null
[2020-01-26T18:01:12.416] [DEBUG] cheese - login => username:orders,password:123456
[2020-01-26T18:01:12.416] [DEBUG] cheese - orders
[2020-01-26T18:01:12.421] [DEBUG] cheese - null
[2020-01-26T18:01:12.421] [DEBUG] cheese - null
[2020-01-26T18:01:12.616] [DEBUG] cheese - login => username:orders,password:123456
[2020-01-26T18:01:12.617] [DEBUG] cheese - orders
[2020-01-26T18:01:12.620] [DEBUG] cheese - null
[2020-01-26T18:01:12.621] [DEBUG] cheese - null
[2020-01-26T18:01:15.327] [DEBUG] cheese - login => username:admin,password:123456
[2020-01-26T18:01:15.327] [DEBUG] cheese - admin
[2020-01-26T18:01:15.331] [DEBUG] cheese - null
[2020-01-26T18:01:15.331] [DEBUG] cheese - null
[2020-01-26T22:01:29.107] [DEBUG] cheese - login => username:admin,password:123456
[2020-01-26T22:01:29.107] [DEBUG] cheese - admin
[2020-01-26T22:01:29.113] [DEBUG] cheese - null
[2020-01-26T22:01:29.113] [DEBUG] cheese - null
[2020-01-28T09:54:49.669] [DEBUG] cheese - login => username:admin,password:123456
[2020-01-28T09:54:49.671] [DEBUG] cheese - admin
[2020-01-28T09:54:49.689] [DEBUG] cheese - null
[2020-01-28T09:54:49.690] [DEBUG] cheese - null
[2020-01-28T09:59:40.428] [DEBUG] cheese - login => username:admin,password:123456
[2020-01-28T09:59:40.428] [DEBUG] cheese - admin
[2020-01-28T09:59:40.431] [DEBUG] cheese - null
[2020-01-28T09:59:40.431] [DEBUG] cheese - null
[2020-01-28T12:56:54.555] [DEBUG] cheese - login => username:admin,password:123456
[2020-01-28T12:56:54.555] [DEBUG] cheese - admin
[2020-01-28T12:56:54.558] [DEBUG] cheese - null
[2020-01-28T12:56:54.558] [DEBUG] cheese - null
[2020-01-29T14:09:05.931] [DEBUG] cheese - login => username:admin,password:123456
[2020-01-29T14:09:05.931] [DEBUG] cheese - admin
[2020-01-29T14:09:05.987] [DEBUG] cheese - null
[2020-01-29T14:09:05.987] [DEBUG] cheese - null
[2020-01-30T13:06:03.979] [DEBUG] cheese - login => username:admin,password:123456
[2020-01-30T13:06:03.981] [DEBUG] cheese - admin
[2020-01-30T13:06:03.998] [DEBUG] cheese - null
[2020-01-30T13:06:03.999] [DEBUG] cheese - null
[2020-01-31T15:04:41.057] [DEBUG] cheese - login => username:admin,password:123456
[2020-01-31T15:04:41.059] [DEBUG] cheese - admin
[2020-01-31T15:04:41.091] [DEBUG] cheese - null
[2020-01-31T15:04:41.091] [DEBUG] cheese - null
[2020-01-31T15:16:39.226] [DEBUG] cheese - login => username:admin,password:123456
[2020-01-31T15:16:39.226] [DEBUG] cheese - admin
[2020-01-31T15:16:39.230] [DEBUG] cheese - null
[2020-01-31T15:16:39.230] [DEBUG] cheese - null
[2020-01-31T15:16:57.411] [DEBUG] cheese - login => username:admin,password:123456
[2020-01-31T15:16:57.412] [DEBUG] cheese - admin
[2020-01-31T15:16:57.416] [DEBUG] cheese - null
[2020-01-31T15:16:57.416] [DEBUG] cheese - null
[2020-01-31T16:45:49.514] [DEBUG] cheese - null
[2020-02-01T15:19:52.934] [DEBUG] cheese - login => username:admin,password:123456
[2020-02-01T15:19:52.934] [DEBUG] cheese - admin
[2020-02-01T15:19:52.943] [DEBUG] cheese - null
[2020-02-01T15:19:52.943] [DEBUG] cheese - null
[2020-02-02T10:55:43.884] [DEBUG] cheese - login => username:admin,password:123456
[2020-02-02T10:55:43.884] [DEBUG] cheese - admin
[2020-02-02T10:55:43.887] [DEBUG] cheese - null
[2020-02-02T10:55:43.887] [DEBUG] cheese - null
[2020-02-02T12:23:43.455] [DEBUG] cheese - login => username:admin,password:123456
[2020-02-02T12:23:43.458] [DEBUG] cheese - admin
[2020-02-02T12:23:43.478] [DEBUG] cheese - null
[2020-02-02T12:23:43.478] [DEBUG] cheese - null
[2020-02-02T12:25:57.106] [DEBUG] cheese - login => username:admin,password:123456
[2020-02-02T12:25:57.106] [DEBUG] cheese - admin
[2020-02-02T12:25:57.112] [DEBUG] cheese - null
[2020-02-02T12:25:57.112] [DEBUG] cheese - null
[2020-02-02T12:27:41.624] [DEBUG] cheese - login => username:admin,password:123456
[2020-02-02T12:27:41.624] [DEBUG] cheese - admin
[2020-02-02T12:27:41.630] [DEBUG] cheese - null
[2020-02-02T12:27:41.630] [DEBUG] cheese - null
[2020-02-02T12:28:10.566] [DEBUG] cheese - login => username:admin5,password:123456
[2020-02-02T12:28:10.566] [DEBUG] cheese - admin5
[2020-02-02T12:28:10.570] [DEBUG] cheese - null
[2020-02-02T12:28:10.571] [DEBUG] cheese - null
[2020-02-02T12:28:31.941] [DEBUG] cheese - login => username:admin,password:123456
[2020-02-02T12:28:31.941] [DEBUG] cheese - admin
[2020-02-02T12:28:31.946] [DEBUG] cheese - null
[2020-02-02T12:28:31.946] [DEBUG] cheese - null
[2020-02-02T12:40:46.618] [DEBUG] cheese - login => username:admin,password:123456
[2020-02-02T12:40:46.619] [DEBUG] cheese - admin
[2020-02-02T12:40:46.622] [DEBUG] cheese - null
[2020-02-02T12:40:46.622] [DEBUG] cheese - null
[2020-02-02T12:47:25.040] [DEBUG] cheese - login => username:admin,password:123456
[2020-02-02T12:47:25.040] [DEBUG] cheese - admin
[2020-02-02T12:47:25.043] [DEBUG] cheese - null
[2020-02-02T12:47:25.043] [DEBUG] cheese - null
[2020-02-02T12:59:06.747] [DEBUG] cheese - login => username:admin,password:123456
[2020-02-02T12:59:06.750] [DEBUG] cheese - admin
[2020-02-02T12:59:06.762] [DEBUG] cheese - null
[2020-02-02T12:59:06.762] [DEBUG] cheese - null
[2020-02-02T13:42:31.266] [DEBUG] cheese - login => username:admin,password:123456
[2020-02-02T13:42:31.266] [DEBUG] cheese - admin
[2020-02-02T13:42:31.272] [DEBUG] cheese - null
[2020-02-02T13:42:31.273] [DEBUG] cheese - null
[2020-02-02T13:42:52.236] [DEBUG] cheese - login => username:admin,password:123456
[2020-02-02T13:42:52.237] [DEBUG] cheese - admin
[2020-02-02T13:42:52.241] [DEBUG] cheese - null
[2020-02-02T13:42:52.241] [DEBUG] cheese - null
[2020-02-02T13:43:22.373] [DEBUG] cheese - login => username:admin,password:123456
[2020-02-02T13:43:22.373] [DEBUG] cheese - admin
[2020-02-02T13:43:22.381] [DEBUG] cheese - null
[2020-02-02T13:43:22.382] [DEBUG] cheese - null
[2020-02-02T13:57:57.669] [DEBUG] cheese - login => username:admin,password:123456
[2020-02-02T13:57:57.669] [DEBUG] cheese - admin
[2020-02-02T13:57:57.675] [DEBUG] cheese - null
[2020-02-02T13:57:57.675] [DEBUG] cheese - null
[2020-02-02T14:01:00.834] [DEBUG] cheese - login => username:admin,password:123456
[2020-02-02T14:01:00.836] [DEBUG] cheese - admin
[2020-02-02T14:01:00.875] [DEBUG] cheese - null
[2020-02-02T14:01:00.876] [DEBUG] cheese - null
[2020-02-02T14:28:33.260] [DEBUG] cheese - login => username:admin,password:123456
[2020-02-02T14:28:33.260] [DEBUG] cheese - admin
[2020-02-02T14:28:33.263] [DEBUG] cheese - null
[2020-02-02T14:28:33.263] [DEBUG] cheese - null
[2020-02-02T14:35:49.467] [DEBUG] cheese - login => username:admin,password:123456
[2020-02-02T14:35:49.467] [DEBUG] cheese - admin
[2020-02-02T14:35:49.470] [DEBUG] cheese - null
[2020-02-02T14:35:49.470] [DEBUG] cheese - null
[2020-02-02T15:29:21.354] [DEBUG] cheese - login => username:admin,password:123456
[2020-02-02T15:29:21.354] [DEBUG] cheese - admin
[2020-02-02T15:29:21.363] [DEBUG] cheese - null
[2020-02-02T15:29:21.363] [DEBUG] cheese - null
[2020-02-02T15:34:42.350] [DEBUG] cheese - login => username:admin,password:123456
[2020-02-02T15:34:42.350] [DEBUG] cheese - admin
[2020-02-02T15:34:42.352] [DEBUG] cheese - null
[2020-02-02T15:34:42.353] [DEBUG] cheese - null
[2020-02-02T16:01:32.433] [DEBUG] cheese - login => username:admin,password:123456
[2020-02-02T16:01:32.433] [DEBUG] cheese - admin
[2020-02-02T16:01:32.435] [DEBUG] cheese - null
[2020-02-02T16:01:32.435] [DEBUG] cheese - null
[2020-02-02T16:11:20.413] [DEBUG] cheese - login => username:admin,password:123456
[2020-02-02T16:11:20.413] [DEBUG] cheese - admin
[2020-02-02T16:11:20.414] [DEBUG] cheese - null
[2020-02-02T16:11:20.414] [DEBUG] cheese - null
[2020-02-05T13:54:07.684] [DEBUG] cheese - login => username:admin,password:123456
[2020-02-05T13:54:07.685] [DEBUG] cheese - admin
[2020-02-05T13:54:07.719] [DEBUG] cheese - null
[2020-02-05T13:54:07.719] [DEBUG] cheese - null
[2020-02-14T17:01:46.873] [DEBUG] cheese - login => username:admin,password:123456
[2020-02-14T17:01:46.876] [DEBUG] cheese - admin
[2020-02-14T17:01:46.900] [DEBUG] cheese - null
[2020-02-14T17:01:46.901] [DEBUG] cheese - null
[2020-02-14T17:50:21.591] [DEBUG] cheese - login => username:admin,password:123456
[2020-02-14T17:50:21.594] [DEBUG] cheese - admin
[2020-02-14T17:50:21.604] [DEBUG] cheese - null
[2020-02-14T17:50:21.604] [DEBUG] cheese - null
[2020-02-14T17:51:46.243] [DEBUG] cheese - login => username:report,password:123456
[2020-02-14T17:51:46.244] [DEBUG] cheese - report
[2020-02-14T17:51:46.247] [DEBUG] cheese - null
[2020-02-14T17:51:46.247] [DEBUG] cheese - null
[2020-02-14T17:51:51.927] [DEBUG] cheese - login => username:admin,password:123456
[2020-02-14T17:51:51.928] [DEBUG] cheese - admin
[2020-02-14T17:51:51.930] [DEBUG] cheese - null
[2020-02-14T17:51:51.930] [DEBUG] cheese - null
[2020-02-14T17:53:05.427] [DEBUG] cheese - login => username:author,password:123456
[2020-02-14T17:53:05.427] [DEBUG] cheese - author
[2020-02-14T17:53:05.429] [DEBUG] cheese - null
[2020-02-14T17:53:05.429] [DEBUG] cheese - null
[2020-02-14T17:53:07.947] [DEBUG] cheese - null
[2020-02-14T17:53:07.949] [DEBUG] cheese - null
[2020-02-14T17:53:13.294] [DEBUG] cheese - null
[2020-02-14T17:53:13.296] [DEBUG] cheese - null
[2020-02-14T17:53:14.599] [DEBUG] cheese - null
[2020-02-14T17:53:14.601] [DEBUG] cheese - null
[2020-02-14T17:53:23.043] [DEBUG] cheese - login => username:admin,password:123456
[2020-02-14T17:53:23.043] [DEBUG] cheese - admin
[2020-02-14T17:53:23.045] [DEBUG] cheese - null
[2020-02-14T17:53:23.045] [DEBUG] cheese - null
[2020-02-15T13:35:26.258] [DEBUG] cheese - login => username:admin,password:123456
[2020-02-15T13:35:26.259] [DEBUG] cheese - admin
[2020-02-15T13:35:26.261] [DEBUG] cheese - null
[2020-02-15T13:35:26.261] [DEBUG] cheese - null
[2020-02-16T12:38:14.875] [DEBUG] cheese - login => username:admin,password:123456
[2020-02-16T12:38:14.875] [DEBUG] cheese - admin
[2020-02-16T12:38:14.885] [DEBUG] cheese - null
[2020-02-16T12:38:14.885] [DEBUG] cheese - null
[2020-02-19T12:23:52.880] [DEBUG] cheese - login => username:admin,password:123456
[2020-02-19T12:23:52.880] [DEBUG] cheese - admin
[2020-02-19T12:23:52.886] [DEBUG] cheese - null
[2020-02-19T12:23:52.887] [DEBUG] cheese - null
[2020-02-19T12:26:17.173] [DEBUG] cheese - login => username:admin,password:123456
[2020-02-19T12:26:17.173] [DEBUG] cheese - admin
[2020-02-19T12:26:17.176] [DEBUG] cheese - null
[2020-02-19T12:26:17.176] [DEBUG] cheese - null
[2020-02-19T12:27:14.420] [DEBUG] cheese - login => username:admin,password:123456
[2020-02-19T12:27:14.420] [DEBUG] cheese - admin
[2020-02-19T12:27:14.422] [DEBUG] cheese - null
[2020-02-19T12:27:14.423] [DEBUG] cheese - null
[2020-02-25T03:10:46.626] [DEBUG] cheese - login => username:admin,password:123456
[2020-02-25T03:10:46.629] [DEBUG] cheese - admin
[2020-02-25T03:10:46.663] [DEBUG] cheese - null
[2020-02-25T03:10:46.663] [DEBUG] cheese - null
[2020-02-25T03:12:31.943] [DEBUG] cheese - login => username:goods,password:123456
[2020-02-25T03:12:31.943] [DEBUG] cheese - goods
[2020-02-25T03:12:31.945] [DEBUG] cheese - null
[2020-02-25T03:12:31.945] [DEBUG] cheese - null
[2020-02-25T03:12:34.412] [DEBUG] cheese - login => username:admin,password:123456
[2020-02-25T03:12:34.412] [DEBUG] cheese - admin
[2020-02-25T03:12:34.415] [DEBUG] cheese - null
[2020-02-25T03:12:34.415] [DEBUG] cheese - null
[2020-02-25T03:12:53.832] [DEBUG] cheese - login => username:good,password:123456
[2020-02-25T03:12:53.832] [DEBUG] cheese - good
[2020-02-25T03:12:53.835] [DEBUG] cheese - null
[2020-02-25T03:12:53.835] [DEBUG] cheese - null
[2020-02-25T03:13:04.899] [DEBUG] cheese - login => username:goods,password:123456
[2020-02-25T03:13:04.899] [DEBUG] cheese - goods
[2020-02-25T03:13:04.901] [DEBUG] cheese - null
[2020-02-25T03:13:04.901] [DEBUG] cheese - null
[2020-02-25T03:13:08.296] [DEBUG] cheese - null
[2020-02-25T03:13:08.298] [DEBUG] cheese - null
[2020-02-25T03:13:24.035] [DEBUG] cheese - null
[2020-02-25T03:13:24.038] [DEBUG] cheese - null
[2020-02-25T03:13:28.201] [DEBUG] cheese - null
[2020-02-25T03:13:28.203] [DEBUG] cheese - null
[2020-02-25T03:13:51.407] [DEBUG] cheese - null
[2020-02-25T03:13:51.410] [DEBUG] cheese - null
[2020-02-25T03:13:56.478] [DEBUG] cheese - null
[2020-02-25T03:13:56.480] [DEBUG] cheese - null
[2020-02-25T03:13:59.727] [DEBUG] cheese - null
[2020-02-25T03:13:59.729] [DEBUG] cheese - null
[2020-02-25T03:14:04.221] [DEBUG] cheese - null
[2020-02-25T03:14:04.224] [DEBUG] cheese - null
[2020-02-25T03:14:04.272] [DEBUG] cheese - null
[2020-02-25T03:14:04.273] [DEBUG] cheese - null
[2020-02-25T03:14:12.593] [DEBUG] cheese - login => username:goods,password:123456
[2020-02-25T03:14:12.593] [DEBUG] cheese - goods
[2020-02-25T03:14:12.596] [DEBUG] cheese - null
[2020-02-25T03:14:12.596] [DEBUG] cheese - null
[2020-02-25T03:14:15.186] [DEBUG] cheese - null
[2020-02-25T03:14:15.188] [DEBUG] cheese - null
[2020-02-25T03:14:16.064] [DEBUG] cheese - null
[2020-02-25T03:14:16.065] [DEBUG] cheese - null
[2020-02-25T03:14:17.239] [DEBUG] cheese - null
[2020-02-25T03:14:17.241] [DEBUG] cheese - null
[2020-02-25T03:14:23.251] [DEBUG] cheese - login => username:admin,password:123456
[2020-02-25T03:14:23.251] [DEBUG] cheese - admin
[2020-02-25T03:14:23.253] [DEBUG] cheese - null
[2020-02-25T03:14:23.253] [DEBUG] cheese - null
[2020-02-25T03:16:13.919] [DEBUG] cheese - login => username:goods,password:123456
[2020-02-25T03:16:13.919] [DEBUG] cheese - goods
[2020-02-25T03:16:13.920] [DEBUG] cheese - null
[2020-02-25T03:16:13.921] [DEBUG] cheese - null
[2020-02-25T03:16:17.235] [DEBUG] cheese - null
[2020-02-25T03:16:17.236] [DEBUG] cheese - null
[2020-02-25T03:16:20.234] [DEBUG] cheese - null
[2020-02-25T03:16:20.239] [DEBUG] cheese - null
[2020-02-25T03:16:21.420] [DEBUG] cheese - null
[2020-02-25T03:16:21.427] [DEBUG] cheese - null
[2020-02-25T03:16:28.501] [DEBUG] cheese - login => username:admin,password:123456
[2020-02-25T03:16:28.502] [DEBUG] cheese - admin
[2020-02-25T03:16:28.513] [DEBUG] cheese - null
[2020-02-25T03:16:28.513] [DEBUG] cheese - null
[2020-02-25T03:23:35.712] [DEBUG] cheese - login => username:admin,password:123456
[2020-02-25T03:23:35.712] [DEBUG] cheese - admin
[2020-02-25T03:23:35.715] [DEBUG] cheese - null
[2020-02-25T03:23:35.715] [DEBUG] cheese - null
[2020-02-25T03:25:38.822] [DEBUG] cheese - null
[2020-02-25T03:26:05.449] [DEBUG] cheese - login => username:linken,password:123456
[2020-02-25T03:26:05.450] [DEBUG] cheese - linken
[2020-02-25T03:26:05.451] [DEBUG] cheese - null
[2020-02-25T03:26:05.451] [DEBUG] cheese - null
[2020-02-25T03:26:07.914] [DEBUG] cheese - null
[2020-02-25T03:26:12.458] [DEBUG] cheese - null
[2020-02-25T03:26:18.375] [DEBUG] cheese - null
[2020-02-25T03:26:18.377] [DEBUG] cheese - null
[2020-02-25T03:26:21.334] [DEBUG] cheese - null
[2020-02-25T03:26:21.335] [DEBUG] cheese - null
[2020-02-25T03:26:22.151] [DEBUG] cheese - null
[2020-02-25T03:26:22.153] [DEBUG] cheese - null
[2020-02-25T03:26:22.799] [DEBUG] cheese - null
[2020-02-25T03:26:22.801] [DEBUG] cheese - null
[2020-02-25T03:26:25.970] [DEBUG] cheese - login => username:admin,password:123456
[2020-02-25T03:26:25.970] [DEBUG] cheese - admin
[2020-02-25T03:26:25.972] [DEBUG] cheese - null
[2020-02-25T03:26:25.972] [DEBUG] cheese - null
[2020-02-25T03:44:58.658] [DEBUG] cheese - login => username:admin,password:123456
[2020-02-25T03:44:58.658] [DEBUG] cheese - admin
[2020-02-25T03:44:58.660] [DEBUG] cheese - null
[2020-02-25T03:44:58.660] [DEBUG] cheese - null
[2020-02-25T09:35:09.360] [DEBUG] cheese - login => username:admin,password:123456
[2020-02-25T09:35:09.360] [DEBUG] cheese - admin
[2020-02-25T09:35:09.361] [DEBUG] cheese - null
[2020-02-25T09:35:09.361] [DEBUG] cheese - null
[2020-02-25T09:35:20.332] [DEBUG] cheese - login => username:goods,password:123456
[2020-02-25T09:35:20.333] [DEBUG] cheese - goods
[2020-02-25T09:35:20.335] [DEBUG] cheese - null
[2020-02-25T09:35:20.335] [DEBUG] cheese - null
[2020-02-25T09:35:22.817] [DEBUG] cheese - null
[2020-02-25T09:35:22.819] [DEBUG] cheese - null
[2020-02-25T09:35:23.402] [DEBUG] cheese - null
[2020-02-25T09:35:23.404] [DEBUG] cheese - null
[2020-02-25T09:35:31.430] [DEBUG] cheese - login => username:author,password:123456
[2020-02-25T09:35:31.430] [DEBUG] cheese - author
[2020-02-25T09:35:31.432] [DEBUG] cheese - null
[2020-02-25T09:35:31.432] [DEBUG] cheese - null
[2020-02-25T09:35:33.625] [DEBUG] cheese - null
[2020-02-25T09:35:33.626] [DEBUG] cheese - null
[2020-02-25T09:35:34.109] [DEBUG] cheese - null
[2020-02-25T09:35:34.110] [DEBUG] cheese - null
[2020-02-25T09:36:07.230] [DEBUG] cheese - login => username:admin,password:123456
[2020-02-25T09:36:07.230] [DEBUG] cheese - admin
[2020-02-25T09:36:07.233] [DEBUG] cheese - null
[2020-02-25T09:36:07.233] [DEBUG] cheese - null
[2020-02-25T09:36:57.448] [DEBUG] cheese - login => username:test,password:123456
[2020-02-25T09:36:57.448] [DEBUG] cheese - test
[2020-02-25T09:36:57.450] [DEBUG] cheese - null
[2020-02-25T09:36:57.451] [DEBUG] cheese - null
[2020-02-25T09:36:59.390] [DEBUG] cheese - login => username:admin,password:123456
[2020-02-25T09:36:59.390] [DEBUG] cheese - admin
[2020-02-25T09:36:59.392] [DEBUG] cheese - null
[2020-02-25T09:36:59.392] [DEBUG] cheese - null
[2020-02-25T09:37:20.461] [DEBUG] cheese - login => username:test,password:123456
[2020-02-25T09:37:20.461] [DEBUG] cheese - test
[2020-02-25T09:37:20.463] [DEBUG] cheese - null
[2020-02-25T09:37:20.463] [DEBUG] cheese - null
[2020-02-25T09:37:22.733] [DEBUG] cheese - null
[2020-02-25T09:37:22.734] [DEBUG] cheese - null
[2020-02-25T09:37:26.423] [DEBUG] cheese - login => username:admin,password:123456
[2020-02-25T09:37:26.424] [DEBUG] cheese - admin
[2020-02-25T09:37:26.425] [DEBUG] cheese - null
[2020-02-25T09:37:26.425] [DEBUG] cheese - null
[2020-02-25T09:37:34.639] [DEBUG] cheese - null
[2020-02-25T09:37:38.764] [DEBUG] cheese - null
[2020-02-25T09:37:44.419] [DEBUG] cheese - login => username:test,password:123456
[2020-02-25T09:37:44.419] [DEBUG] cheese - test
[2020-02-25T09:37:44.422] [DEBUG] cheese - null
[2020-02-25T09:37:44.422] [DEBUG] cheese - null
[2020-02-25T09:52:10.526] [DEBUG] cheese - null
[2020-02-25T09:52:10.528] [DEBUG] cheese - null
[2020-02-25T09:52:11.905] [DEBUG] cheese - null
[2020-02-25T09:52:11.906] [DEBUG] cheese - null
[2020-02-25T09:52:13.187] [DEBUG] cheese - null
[2020-02-25T09:52:13.189] [DEBUG] cheese - null
[2020-02-25T09:52:15.056] [DEBUG] cheese - null
[2020-02-25T09:52:15.057] [DEBUG] cheese - null
[2020-02-25T09:52:25.023] [DEBUG] cheese - null
[2020-02-25T09:52:25.024] [DEBUG] cheese - null
[2020-02-25T09:52:26.311] [DEBUG] cheese - null
[2020-02-25T09:52:26.312] [DEBUG] cheese - null
[2020-03-08T23:33:06.424] [DEBUG] cheese - login => username:admin,password:123456
[2020-03-08T23:33:06.428] [DEBUG] cheese - admin
[2020-03-08T23:33:06.483] [DEBUG] cheese - null
[2020-03-08T23:33:06.484] [DEBUG] cheese - null
[2020-03-08T23:33:18.033] [DEBUG] cheese - login => username:admin,password:123456
[2020-03-08T23:33:18.033] [DEBUG] cheese - admin
[2020-03-08T23:33:18.039] [DEBUG] cheese - null
[2020-03-08T23:33:18.039] [DEBUG] cheese - null
[2020-05-10T14:25:31.868] [DEBUG] cheese - login => username:admin,password:123456
[2020-05-10T14:25:31.870] [DEBUG] cheese - admin
[2020-05-10T14:25:31.873] [DEBUG] cheese - null
[2020-05-10T14:25:31.874] [DEBUG] cheese - null
[2020-05-10T15:07:35.379] [DEBUG] cheese - login => username:admin,password:123456
[2020-05-10T15:07:35.380] [DEBUG] cheese - admin
[2020-05-10T15:07:35.383] [DEBUG] cheese - null
[2020-05-10T15:07:35.384] [DEBUG] cheese - null
[2020-05-10T19:03:52.723] [DEBUG] cheese - null
[2020-05-10T20:19:05.862] [DEBUG] cheese - null
[2020-05-10T20:19:08.042] [DEBUG] cheese - null
[2020-05-10T20:19:14.916] [DEBUG] cheese - null
[2020-05-10T20:20:50.707] [DEBUG] cheese - null
[2020-05-10T20:34:35.234] [DEBUG] cheese - null
[2020-05-10T21:08:59.662] [DEBUG] cheese - null
[2020-05-10T21:09:16.626] [DEBUG] cheese - null
[2020-05-10T21:15:11.631] [DEBUG] cheese - login => username:admin,password:123456
[2020-05-10T21:15:11.631] [DEBUG] cheese - admin
[2020-05-10T21:15:11.642] [DEBUG] cheese - null
[2020-05-10T21:15:11.642] [DEBUG] cheese - null
[2020-05-10T21:15:41.909] [DEBUG] cheese - null
[2020-05-10T21:18:11.022] [DEBUG] cheese - null
[2020-05-10T21:20:39.783] [DEBUG] cheese - null
[2020-05-10T21:20:45.997] [DEBUG] cheese - null
[2020-05-10T21:20:50.276] [DEBUG] cheese - null
[2020-05-10T21:21:09.950] [DEBUG] cheese - null
[2020-05-10T21:21:39.098] [DEBUG] cheese - null
[2020-05-10T21:21:57.069] [DEBUG] cheese - null
[2020-05-10T21:22:59.172] [DEBUG] cheese - null
[2020-05-10T21:23:19.060] [DEBUG] cheese - null
[2020-05-10T21:23:22.356] [DEBUG] cheese - null
[2020-05-10T21:24:14.849] [DEBUG] cheese - null
[2020-05-11T18:50:51.339] [DEBUG] cheese - login => username:admin,password:123456
[2020-05-11T18:50:51.341] [DEBUG] cheese - admin
[2020-05-11T18:50:51.399] [DEBUG] cheese - null
[2020-05-11T18:50:51.399] [DEBUG] cheese - null
[2020-05-11T19:11:07.509] [DEBUG] cheese - login => username:admin,password:123456
[2020-05-11T19:11:07.509] [DEBUG] cheese - admin
[2020-05-11T19:11:07.512] [DEBUG] cheese - null
[2020-05-11T19:11:07.513] [DEBUG] cheese - null
[2020-05-11T19:14:58.951] [DEBUG] cheese - login => username:admin,password:123456
[2020-05-11T19:14:58.951] [DEBUG] cheese - admin
[2020-05-11T19:14:58.955] [DEBUG] cheese - null
[2020-05-11T19:14:58.955] [DEBUG] cheese - null
[2020-05-11T19:15:12.212] [DEBUG] cheese - login => username:admin,password:123456
[2020-05-11T19:15:12.212] [DEBUG] cheese - admin
[2020-05-11T19:15:12.214] [DEBUG] cheese - null
[2020-05-11T19:15:12.214] [DEBUG] cheese - null
[2020-05-11T19:17:08.497] [DEBUG] cheese - null
[2022-08-08T13:28:46.180] [DEBUG] cheese - login => username:565,password:6666
[2022-08-08T13:28:46.188] [DEBUG] cheese - 565
[2022-08-08T13:28:46.198] [DEBUG] cheese - null
[2022-08-08T13:28:46.198] [DEBUG] cheese - null
[2022-08-08T13:36:24.986] [DEBUG] cheese - login => username:154,password:444
[2022-08-08T13:36:24.986] [DEBUG] cheese - 154
[2022-08-08T13:36:24.989] [DEBUG] cheese - null
[2022-08-08T13:36:24.989] [DEBUG] cheese - null
[2022-08-08T13:36:27.124] [DEBUG] cheese - login => username:154,password:444
[2022-08-08T13:36:27.124] [DEBUG] cheese - 154
[2022-08-08T13:36:27.126] [DEBUG] cheese - null
[2022-08-08T13:36:27.126] [DEBUG] cheese - null
[2022-08-08T13:36:27.636] [DEBUG] cheese - login => username:154,password:444
[2022-08-08T13:36:27.636] [DEBUG] cheese - 154
[2022-08-08T13:36:27.637] [DEBUG] cheese - null
[2022-08-08T13:36:27.638] [DEBUG] cheese - null
[2022-08-08T13:36:56.314] [DEBUG] cheese - login => username:eee,password:eee
[2022-08-08T13:36:56.314] [DEBUG] cheese - eee
[2022-08-08T13:36:56.316] [DEBUG] cheese - null
[2022-08-08T13:36:56.316] [DEBUG] cheese - null
[2022-08-08T14:07:05.292] [DEBUG] cheese - login => username:zs,password:123456
[2022-08-08T14:07:05.292] [DEBUG] cheese - zs
[2022-08-08T14:07:05.296] [DEBUG] cheese - null
[2022-08-08T14:07:05.297] [DEBUG] cheese - null
[2022-08-08T14:07:39.459] [DEBUG] cheese - login => username:zs,password:123456
[2022-08-08T14:07:39.459] [DEBUG] cheese - zs
[2022-08-08T14:07:39.461] [DEBUG] cheese - null
[2022-08-08T14:07:39.461] [DEBUG] cheese - null
[2022-08-08T14:09:06.202] [DEBUG] cheese - login => username:zs,password:123456
[2022-08-08T14:09:06.202] [DEBUG] cheese - zs
[2022-08-08T14:09:06.207] [DEBUG] cheese - null
[2022-08-08T14:09:06.207] [DEBUG] cheese - null
[2022-08-08T14:09:10.953] [DEBUG] cheese - login => username:zs,password:123456
[2022-08-08T14:09:10.953] [DEBUG] cheese - zs
[2022-08-08T14:09:10.954] [DEBUG] cheese - null
[2022-08-08T14:09:10.954] [DEBUG] cheese - null
[2022-08-08T14:09:16.611] [DEBUG] cheese - login => username:zs,password:123456
[2022-08-08T14:09:16.611] [DEBUG] cheese - zs
[2022-08-08T14:09:16.613] [DEBUG] cheese - null
[2022-08-08T14:09:16.613] [DEBUG] cheese - null
[2022-08-08T14:10:15.922] [DEBUG] cheese - login => username:zs,password:123456
[2022-08-08T14:10:15.922] [DEBUG] cheese - zs
[2022-08-08T14:10:15.930] [DEBUG] cheese - null
[2022-08-08T14:10:15.930] [DEBUG] cheese - null
[2022-08-08T14:10:27.840] [DEBUG] cheese - login => username:zs,password:123456
[2022-08-08T14:10:27.840] [DEBUG] cheese - zs
[2022-08-08T14:10:27.841] [DEBUG] cheese - null
[2022-08-08T14:10:27.841] [DEBUG] cheese - null
[2022-08-08T14:10:59.469] [DEBUG] cheese - login => username:zs,password:123456
[2022-08-08T14:10:59.469] [DEBUG] cheese - zs
[2022-08-08T14:10:59.470] [DEBUG] cheese - null
[2022-08-08T14:10:59.470] [DEBUG] cheese - null
[2022-08-08T14:12:42.304] [DEBUG] cheese - login => username:zs,password:123456
[2022-08-08T14:12:42.304] [DEBUG] cheese - zs
[2022-08-08T14:12:42.305] [DEBUG] cheese - null
[2022-08-08T14:12:42.305] [DEBUG] cheese - null
[2022-08-08T14:15:40.649] [DEBUG] cheese - login => username:zs,password:123456
[2022-08-08T14:15:40.649] [DEBUG] cheese - zs
[2022-08-08T14:15:40.652] [DEBUG] cheese - null
[2022-08-08T14:15:40.653] [DEBUG] cheese - null
[2022-08-08T14:16:06.833] [DEBUG] cheese - login => username:zs,password:123456
[2022-08-08T14:16:06.833] [DEBUG] cheese - zs
[2022-08-08T14:16:06.835] [DEBUG] cheese - null
[2022-08-08T14:16:06.835] [DEBUG] cheese - null
[2022-08-08T14:16:24.714] [DEBUG] cheese - login => username:zs,password:123456
[2022-08-08T14:16:24.714] [DEBUG] cheese - zs
[2022-08-08T14:16:24.715] [DEBUG] cheese - null
[2022-08-08T14:16:24.715] [DEBUG] cheese - null
[2022-08-08T14:16:25.730] [DEBUG] cheese - login => username:zs,password:123456
[2022-08-08T14:16:25.730] [DEBUG] cheese - zs
[2022-08-08T14:16:25.732] [DEBUG] cheese - null
[2022-08-08T14:16:25.732] [DEBUG] cheese - null
[2022-08-08T14:17:28.547] [DEBUG] cheese - login => username:zs,password:123456
[2022-08-08T14:17:28.547] [DEBUG] cheese - zs
[2022-08-08T14:17:28.548] [DEBUG] cheese - null
[2022-08-08T14:17:28.548] [DEBUG] cheese - null
[2022-08-08T14:17:29.886] [DEBUG] cheese - login => username:zs,password:123456
[2022-08-08T14:17:29.886] [DEBUG] cheese - zs
[2022-08-08T14:17:29.888] [DEBUG] cheese - null
[2022-08-08T14:17:29.888] [DEBUG] cheese - null
[2022-08-08T14:17:31.468] [DEBUG] cheese - login => username:zs,password:123456
[2022-08-08T14:17:31.468] [DEBUG] cheese - zs
[2022-08-08T14:17:31.469] [DEBUG] cheese - null
[2022-08-08T14:17:31.469] [DEBUG] cheese - null
[2022-08-08T14:17:53.129] [DEBUG] cheese - login => username:zs,password:123456
[2022-08-08T14:17:53.129] [DEBUG] cheese - zs
[2022-08-08T14:17:53.130] [DEBUG] cheese - null
[2022-08-08T14:17:53.130] [DEBUG] cheese - null
[2022-08-08T14:21:13.125] [DEBUG] cheese - login => username:zs,password:123456
[2022-08-08T14:21:13.125] [DEBUG] cheese - zs
[2022-08-08T14:21:13.128] [DEBUG] cheese - null
[2022-08-08T14:21:13.129] [DEBUG] cheese - null
[2022-08-08T14:21:37.380] [DEBUG] cheese - login => username:zs,password:123456
[2022-08-08T14:21:37.381] [DEBUG] cheese - zs
[2022-08-08T14:21:37.381] [DEBUG] cheese - null
[2022-08-08T14:21:37.381] [DEBUG] cheese - null
[2022-08-08T14:21:38.179] [DEBUG] cheese - login => username:zs,password:123456
[2022-08-08T14:21:38.179] [DEBUG] cheese - zs
[2022-08-08T14:21:38.181] [DEBUG] cheese - null
[2022-08-08T14:21:38.181] [DEBUG] cheese - null
[2022-08-08T14:29:14.784] [DEBUG] cheese - login => username:admin,password:123456
[2022-08-08T14:29:14.784] [DEBUG] cheese - admin
[2022-08-08T14:29:14.790] [DEBUG] cheese - null
[2022-08-08T14:29:14.790] [DEBUG] cheese - null
[2022-08-08T14:33:02.011] [DEBUG] cheese - login => username:zs,password:123456
[2022-08-08T14:33:02.011] [DEBUG] cheese - zs
[2022-08-08T14:33:02.014] [DEBUG] cheese - null
[2022-08-08T14:33:02.014] [DEBUG] cheese - null
[2022-08-08T14:33:13.953] [DEBUG] cheese - login => username:zs,password:123456
[2022-08-08T14:33:13.953] [DEBUG] cheese - zs
[2022-08-08T14:33:13.960] [DEBUG] cheese - null
[2022-08-08T14:33:13.960] [DEBUG] cheese - null
[2022-08-08T14:33:29.788] [DEBUG] cheese - login => username:zs,password:123456
[2022-08-08T14:33:29.788] [DEBUG] cheese - zs
[2022-08-08T14:33:29.790] [DEBUG] cheese - null
[2022-08-08T14:33:29.790] [DEBUG] cheese - null
[2022-08-08T14:33:40.778] [DEBUG] cheese - login => username:zs,password:123456
[2022-08-08T14:33:40.778] [DEBUG] cheese - zs
[2022-08-08T14:33:40.780] [DEBUG] cheese - null
[2022-08-08T14:33:40.780] [DEBUG] cheese - null
[2022-08-08T14:41:16.536] [DEBUG] cheese - login => username:admin,password:123456
[2022-08-08T14:41:16.536] [DEBUG] cheese - admin
[2022-08-08T14:41:16.540] [DEBUG] cheese - null
[2022-08-08T14:41:16.540] [DEBUG] cheese - null
[2022-08-08T14:47:47.097] [DEBUG] cheese - login => username:sdad,password:dddd
[2022-08-08T14:47:47.097] [DEBUG] cheese - sdad
[2022-08-08T14:47:47.100] [DEBUG] cheese - null
[2022-08-08T14:47:47.100] [DEBUG] cheese - null
[2022-08-08T14:47:50.876] [DEBUG] cheese - login => username:sdad,password:dddd
[2022-08-08T14:47:50.876] [DEBUG] cheese - sdad
[2022-08-08T14:47:50.877] [DEBUG] cheese - null
[2022-08-08T14:47:50.877] [DEBUG] cheese - null
[2022-08-08T14:47:54.651] [DEBUG] cheese - login => username:sdad,password:dddd
[2022-08-08T14:47:54.651] [DEBUG] cheese - sdad
[2022-08-08T14:47:54.652] [DEBUG] cheese - null
[2022-08-08T14:47:54.652] [DEBUG] cheese - null
[2022-08-08T14:48:49.399] [DEBUG] cheese - login => username:admin,password:123456
[2022-08-08T14:48:49.399] [DEBUG] cheese - admin
[2022-08-08T14:48:49.400] [DEBUG] cheese - null
[2022-08-08T14:48:49.400] [DEBUG] cheese - null
[2022-08-08T14:49:35.333] [DEBUG] cheese - login => username:admin,password:123456
[2022-08-08T14:49:35.333] [DEBUG] cheese - admin
[2022-08-08T14:49:35.334] [DEBUG] cheese - null
[2022-08-08T14:49:35.334] [DEBUG] cheese - null
[2022-08-08T14:50:41.788] [DEBUG] cheese - login => username:admin,password:444
[2022-08-08T14:50:41.788] [DEBUG] cheese - admin
[2022-08-08T14:50:41.789] [DEBUG] cheese - null
[2022-08-08T14:50:41.789] [DEBUG] cheese - null
[2022-08-08T14:50:43.964] [DEBUG] cheese - login => username:admin,password:444
[2022-08-08T14:50:43.965] [DEBUG] cheese - admin
[2022-08-08T14:50:43.966] [DEBUG] cheese - null
[2022-08-08T14:50:43.966] [DEBUG] cheese - null
[2022-08-08T14:50:44.158] [DEBUG] cheese - login => username:admin,password:444
[2022-08-08T14:50:44.158] [DEBUG] cheese - admin
[2022-08-08T14:50:44.159] [DEBUG] cheese - null
[2022-08-08T14:50:44.159] [DEBUG] cheese - null
[2022-08-08T14:50:47.074] [DEBUG] cheese - login => username:admin,password:123456
[2022-08-08T14:50:47.074] [DEBUG] cheese - admin
[2022-08-08T14:50:47.076] [DEBUG] cheese - null
[2022-08-08T14:50:47.076] [DEBUG] cheese - null
[2022-08-08T14:51:26.844] [DEBUG] cheese - login => username:admin,password:123456
[2022-08-08T14:51:26.844] [DEBUG] cheese - admin
[2022-08-08T14:51:26.846] [DEBUG] cheese - null
[2022-08-08T14:51:26.846] [DEBUG] cheese - null
[2022-08-08T14:51:36.187] [DEBUG] cheese - login => username:admin,password:123456
[2022-08-08T14:51:36.187] [DEBUG] cheese - admin
[2022-08-08T14:51:36.189] [DEBUG] cheese - null
[2022-08-08T14:51:36.189] [DEBUG] cheese - null
[2022-08-08T14:52:54.806] [DEBUG] cheese - login => username:admin,password:123456
[2022-08-08T14:52:54.806] [DEBUG] cheese - admin
[2022-08-08T14:52:54.807] [DEBUG] cheese - null
[2022-08-08T14:52:54.807] [DEBUG] cheese - null
[2022-08-08T14:56:50.096] [DEBUG] cheese - login => username:admin,password:123456
[2022-08-08T14:56:50.096] [DEBUG] cheese - admin
[2022-08-08T14:56:50.099] [DEBUG] cheese - null
[2022-08-08T14:56:50.099] [DEBUG] cheese - null
[2022-08-08T14:59:17.738] [DEBUG] cheese - login => username:admin,password:123456
[2022-08-08T14:59:17.738] [DEBUG] cheese - admin
[2022-08-08T14:59:17.740] [DEBUG] cheese - null
[2022-08-08T14:59:17.740] [DEBUG] cheese - null
[2022-08-08T15:03:12.432] [DEBUG] cheese - login => username:admin,password:123456
[2022-08-08T15:03:12.432] [DEBUG] cheese - admin
[2022-08-08T15:03:12.434] [DEBUG] cheese - null
[2022-08-08T15:03:12.434] [DEBUG] cheese - null
[2022-08-08T15:04:52.976] [DEBUG] cheese - login => username:admin,password:123456
[2022-08-08T15:04:52.976] [DEBUG] cheese - admin
[2022-08-08T15:04:52.977] [DEBUG] cheese - null
[2022-08-08T15:04:52.977] [DEBUG] cheese - null
[2022-08-08T15:14:32.106] [DEBUG] cheese - login => username:admin,password:123456
[2022-08-08T15:14:32.106] [DEBUG] cheese - admin
[2022-08-08T15:14:32.109] [DEBUG] cheese - null
[2022-08-08T15:14:32.109] [DEBUG] cheese - null
[2022-08-08T15:52:24.154] [DEBUG] cheese - login => username:admin,password:123456
[2022-08-08T15:52:24.154] [DEBUG] cheese - admin
[2022-08-08T15:52:24.156] [DEBUG] cheese - null
[2022-08-08T15:52:24.156] [DEBUG] cheese - null
[2022-08-08T15:53:01.805] [DEBUG] cheese - login => username:admin,password:123456
[2022-08-08T15:53:01.805] [DEBUG] cheese - admin
[2022-08-08T15:53:01.806] [DEBUG] cheese - null
[2022-08-08T15:53:01.806] [DEBUG] cheese - null
[2022-08-08T15:53:56.024] [DEBUG] cheese - login => username:admin,password:123456
[2022-08-08T15:53:56.024] [DEBUG] cheese - admin
[2022-08-08T15:53:56.025] [DEBUG] cheese - null
[2022-08-08T15:53:56.026] [DEBUG] cheese - null
[2022-08-08T16:10:06.304] [DEBUG] cheese - login => username:admin,password:123456
[2022-08-08T16:10:06.304] [DEBUG] cheese - admin
[2022-08-08T16:10:06.306] [DEBUG] cheese - null
[2022-08-08T16:10:06.306] [DEBUG] cheese - null
[2022-08-08T16:11:48.106] [DEBUG] cheese - login => username:admin,password:123456
[2022-08-08T16:11:48.106] [DEBUG] cheese - admin
[2022-08-08T16:11:48.107] [DEBUG] cheese - null
[2022-08-08T16:11:48.108] [DEBUG] cheese - null
[2022-08-08T16:22:19.018] [DEBUG] cheese - login => username:admin,password:123456
[2022-08-08T16:22:19.018] [DEBUG] cheese - admin
[2022-08-08T16:22:19.021] [DEBUG] cheese - null
[2022-08-08T16:22:19.021] [DEBUG] cheese - null
[2022-08-08T16:26:21.984] [DEBUG] cheese - login => username:admin,password:123456
[2022-08-08T16:26:21.984] [DEBUG] cheese - admin
[2022-08-08T16:26:21.986] [DEBUG] cheese - null
[2022-08-08T16:26:21.987] [DEBUG] cheese - null
[2022-08-08T16:26:52.521] [DEBUG] cheese - login => username:admin,password:123456
[2022-08-08T16:26:52.521] [DEBUG] cheese - admin
[2022-08-08T16:26:52.522] [DEBUG] cheese - null
[2022-08-08T16:26:52.523] [DEBUG] cheese - null
[2022-08-08T16:34:11.642] [DEBUG] cheese - login => username:admin,password:123456
[2022-08-08T16:34:11.642] [DEBUG] cheese - admin
[2022-08-08T16:34:11.645] [DEBUG] cheese - null
[2022-08-08T16:34:11.645] [DEBUG] cheese - null
[2022-08-08T21:15:41.547] [DEBUG] cheese - login => username:admin,password:123456
[2022-08-08T21:15:41.548] [DEBUG] cheese - admin
[2022-08-08T21:15:41.556] [DEBUG] cheese - null
[2022-08-08T21:15:41.556] [DEBUG] cheese - null
[2022-08-08T21:17:12.074] [DEBUG] cheese - login => username:admin,password:123456
[2022-08-08T21:17:12.074] [DEBUG] cheese - admin
[2022-08-08T21:17:12.077] [DEBUG] cheese - null
[2022-08-08T21:17:12.077] [DEBUG] cheese - null
[2022-08-08T21:28:49.762] [DEBUG] cheese - login => username:admin,password:123456
[2022-08-08T21:28:49.762] [DEBUG] cheese - admin
[2022-08-08T21:28:49.765] [DEBUG] cheese - null
[2022-08-08T21:28:49.765] [DEBUG] cheese - null
[2022-08-08T21:35:22.354] [DEBUG] cheese - login => username:admin,password:123456
[2022-08-08T21:35:22.354] [DEBUG] cheese - admin
[2022-08-08T21:35:22.358] [DEBUG] cheese - null
[2022-08-08T21:35:22.358] [DEBUG] cheese - null
[2022-08-08T22:18:54.964] [DEBUG] cheese - login => username:admin,password:123456
[2022-08-08T22:18:54.964] [DEBUG] cheese - admin
[2022-08-08T22:18:54.967] [DEBUG] cheese - null
[2022-08-08T22:18:54.967] [DEBUG] cheese - null
[2022-08-08T22:24:57.786] [DEBUG] cheese - login => username:admin,password:123456
[2022-08-08T22:24:57.786] [DEBUG] cheese - admin
[2022-08-08T22:24:57.790] [DEBUG] cheese - null
[2022-08-08T22:24:57.790] [DEBUG] cheese - null
[2022-08-08T22:25:07.782] [DEBUG] cheese - login => username:admin,password:775
[2022-08-08T22:25:07.782] [DEBUG] cheese - admin
[2022-08-08T22:25:07.784] [DEBUG] cheese - null
[2022-08-08T22:25:07.784] [DEBUG] cheese - null
[2022-08-08T22:25:28.908] [DEBUG] cheese - login => username:admin,password:775
[2022-08-08T22:25:28.908] [DEBUG] cheese - admin
[2022-08-08T22:25:28.910] [DEBUG] cheese - null
[2022-08-08T22:25:28.910] [DEBUG] cheese - null
[2022-08-08T22:30:22.061] [DEBUG] cheese - login => username:admin,password:123456
[2022-08-08T22:30:22.061] [DEBUG] cheese - admin
[2022-08-08T22:30:22.063] [DEBUG] cheese - null
[2022-08-08T22:30:22.063] [DEBUG] cheese - null
[2022-08-08T22:39:13.923] [DEBUG] cheese - login => username:admin,password:123456
[2022-08-08T22:39:13.923] [DEBUG] cheese - admin
[2022-08-08T22:39:13.927] [DEBUG] cheese - null
[2022-08-08T22:39:13.927] [DEBUG] cheese - null
[2022-08-08T22:39:26.066] [DEBUG] cheese - login => username:admin,password:123456
[2022-08-08T22:39:26.066] [DEBUG] cheese - admin
[2022-08-08T22:39:26.067] [DEBUG] cheese - null
[2022-08-08T22:39:26.067] [DEBUG] cheese - null
[2022-08-09T13:21:52.195] [DEBUG] cheese - login => username:admin,password:123456
[2022-08-09T13:21:52.196] [DEBUG] cheese - admin
[2022-08-09T13:21:52.209] [DEBUG] cheese - null
[2022-08-09T13:21:52.209] [DEBUG] cheese - null
[2022-08-09T13:23:15.499] [DEBUG] cheese - login => username:admin,password:123456
[2022-08-09T13:23:15.499] [DEBUG] cheese - admin
[2022-08-09T13:23:15.502] [DEBUG] cheese - null
[2022-08-09T13:23:15.502] [DEBUG] cheese - null
[2022-08-09T13:52:43.931] [DEBUG] cheese - login => username:admin,password:123456
[2022-08-09T13:52:43.932] [DEBUG] cheese - admin
[2022-08-09T13:52:43.941] [DEBUG] cheese - null
[2022-08-09T13:52:43.941] [DEBUG] cheese - null
[2022-08-09T13:52:48.365] [DEBUG] cheese - login => username:admin,password:123456
[2022-08-09T13:52:48.365] [DEBUG] cheese - admin
[2022-08-09T13:52:48.366] [DEBUG] cheese - null
[2022-08-09T13:52:48.367] [DEBUG] cheese - null
[2022-08-09T14:07:14.599] [DEBUG] cheese - login => username:admin,password:123456
[2022-08-09T14:07:14.599] [DEBUG] cheese - admin
[2022-08-09T14:07:14.603] [DEBUG] cheese - null
[2022-08-09T14:07:14.603] [DEBUG] cheese - null
[2022-08-09T14:23:29.003] [DEBUG] cheese - login => username:admin,password:123456
[2022-08-09T14:23:29.003] [DEBUG] cheese - admin
[2022-08-09T14:23:29.008] [DEBUG] cheese - null
[2022-08-09T14:23:29.008] [DEBUG] cheese - null
[2022-08-09T14:26:32.419] [DEBUG] cheese - login => username:admin,password:123456
[2022-08-09T14:26:32.420] [DEBUG] cheese - admin
[2022-08-09T14:26:32.424] [DEBUG] cheese - null
[2022-08-09T14:26:32.424] [DEBUG] cheese - null
[2022-08-09T14:28:21.370] [DEBUG] cheese - login => username:admin,password:123456
[2022-08-09T14:28:21.370] [DEBUG] cheese - admin
[2022-08-09T14:28:21.372] [DEBUG] cheese - null
[2022-08-09T14:28:21.372] [DEBUG] cheese - null
[2022-08-09T14:31:00.708] [DEBUG] cheese - login => username:admin,password:123456
[2022-08-09T14:31:00.708] [DEBUG] cheese - admin
[2022-08-09T14:31:00.712] [DEBUG] cheese - null
[2022-08-09T14:31:00.712] [DEBUG] cheese - null
[2022-08-09T19:47:46.388] [DEBUG] cheese - login => username:admin,password:123456
[2022-08-09T19:47:46.388] [DEBUG] cheese - admin
[2022-08-09T19:47:46.391] [DEBUG] cheese - null
[2022-08-09T19:47:46.391] [DEBUG] cheese - null
[2022-08-09T20:23:14.111] [DEBUG] cheese - login => username:admin,password:123456
[2022-08-09T20:23:14.111] [DEBUG] cheese - admin
[2022-08-09T20:23:14.114] [DEBUG] cheese - null
[2022-08-09T20:23:14.114] [DEBUG] cheese - null
[2022-08-09T20:37:37.501] [DEBUG] cheese - login => username:admin,password:123456
[2022-08-09T20:37:37.501] [DEBUG] cheese - admin
[2022-08-09T20:37:37.505] [DEBUG] cheese - null
[2022-08-09T20:37:37.505] [DEBUG] cheese - null
[2022-08-09T20:52:16.970] [DEBUG] cheese - login => username:admin,password:123456
[2022-08-09T20:52:16.970] [DEBUG] cheese - admin
[2022-08-09T20:52:16.977] [DEBUG] cheese - null
[2022-08-09T20:52:16.977] [DEBUG] cheese - null
[2022-08-09T21:12:29.217] [DEBUG] cheese - login => username:admin,password:123456
[2022-08-09T21:15:54.058] [DEBUG] cheese - login => username:admin,password:123456
[2022-08-09T21:15:54.059] [DEBUG] cheese - admin
[2022-08-09T21:15:54.065] [DEBUG] cheese - null
[2022-08-09T21:15:54.066] [DEBUG] cheese - null
[2022-08-09T21:36:06.079] [DEBUG] cheese - login => username:admin,password:123456
[2022-08-09T21:36:06.079] [DEBUG] cheese - admin
[2022-08-09T21:36:06.082] [DEBUG] cheese - null
[2022-08-09T21:36:06.082] [DEBUG] cheese - null
[2022-08-09T21:39:55.073] [DEBUG] cheese - login => username:admin,password:123456
[2022-08-09T21:39:55.074] [DEBUG] cheese - admin
[2022-08-09T21:39:55.075] [DEBUG] cheese - null
[2022-08-09T21:39:55.076] [DEBUG] cheese - null
[2022-08-09T21:52:19.092] [DEBUG] cheese - login => username:admin,password:123456
[2022-08-09T21:52:19.092] [DEBUG] cheese - admin
[2022-08-09T21:52:19.094] [DEBUG] cheese - null
[2022-08-09T21:52:19.094] [DEBUG] cheese - null
[2022-08-09T22:03:19.721] [DEBUG] cheese - login => username:admin,password:123456
[2022-08-09T22:03:19.721] [DEBUG] cheese - admin
[2022-08-09T22:03:19.723] [DEBUG] cheese - null
[2022-08-09T22:03:19.723] [DEBUG] cheese - null
[2022-08-09T22:37:55.058] [DEBUG] cheese - login => username:admin,password:123456
[2022-08-09T22:37:55.058] [DEBUG] cheese - admin
[2022-08-09T22:37:55.059] [DEBUG] cheese - null
[2022-08-09T22:37:55.059] [DEBUG] cheese - null
[2022-08-09T22:38:11.335] [DEBUG] cheese - login => username:admin,password:123456
[2022-08-09T22:38:11.335] [DEBUG] cheese - admin
[2022-08-09T22:38:11.337] [DEBUG] cheese - null
[2022-08-09T22:38:11.337] [DEBUG] cheese - null
[2022-08-09T22:43:43.470] [DEBUG] cheese - login => username:admin,password:123456
[2022-08-09T22:43:43.470] [DEBUG] cheese - admin
[2022-08-09T22:43:43.472] [DEBUG] cheese - null
[2022-08-09T22:43:43.472] [DEBUG] cheese - null
[2022-08-09T23:16:24.521] [DEBUG] cheese - login => username:admin,password:123456
[2022-08-09T23:16:24.521] [DEBUG] cheese - admin
[2022-08-09T23:16:24.523] [DEBUG] cheese - null
[2022-08-09T23:16:24.524] [DEBUG] cheese - null
[2022-08-09T23:23:47.145] [DEBUG] cheese - login => username:admin,password:123456
[2022-08-09T23:23:47.145] [DEBUG] cheese - admin
[2022-08-09T23:23:47.146] [DEBUG] cheese - null
[2022-08-09T23:23:47.146] [DEBUG] cheese - null
[2022-08-09T23:26:09.791] [DEBUG] cheese - login => username:admin,password:123456
[2022-08-09T23:26:09.791] [DEBUG] cheese - admin
[2022-08-09T23:26:09.792] [DEBUG] cheese - null
[2022-08-09T23:26:09.792] [DEBUG] cheese - null
[2022-08-09T23:42:06.555] [DEBUG] cheese - login => username:admin,password:123456
[2022-08-09T23:42:06.555] [DEBUG] cheese - admin
[2022-08-09T23:42:06.557] [DEBUG] cheese - null
[2022-08-09T23:42:06.557] [DEBUG] cheese - null
[2022-08-09T23:44:55.961] [DEBUG] cheese - login => username:admin,password:123456
[2022-08-09T23:44:55.961] [DEBUG] cheese - admin
[2022-08-09T23:44:55.963] [DEBUG] cheese - null
[2022-08-09T23:44:55.963] [DEBUG] cheese - null
[2022-08-09T23:58:43.026] [DEBUG] cheese - login => username:admin,password:123456
[2022-08-09T23:58:43.026] [DEBUG] cheese - admin
[2022-08-09T23:58:43.027] [DEBUG] cheese - null
[2022-08-09T23:58:43.027] [DEBUG] cheese - null
[2022-08-10T00:00:58.309] [DEBUG] cheese - login => username:admin,password:123456
[2022-08-10T00:00:58.309] [DEBUG] cheese - admin
[2022-08-10T00:00:58.310] [DEBUG] cheese - null
[2022-08-10T00:00:58.310] [DEBUG] cheese - null
[2022-08-10T19:13:39.183] [DEBUG] cheese - login => username:admin,password:123456
[2022-08-10T19:13:39.184] [DEBUG] cheese - admin
[2022-08-10T19:13:39.197] [DEBUG] cheese - null
[2022-08-10T19:13:39.197] [DEBUG] cheese - null
[2022-08-10T20:02:06.530] [DEBUG] cheese - login => username:admin,password:123456
[2022-08-10T20:02:06.531] [DEBUG] cheese - admin
[2022-08-10T20:02:06.537] [DEBUG] cheese - null
[2022-08-10T20:02:06.537] [DEBUG] cheese - null
[2022-08-10T20:03:55.291] [DEBUG] cheese - login => username:admin,password:123456
[2022-08-10T20:03:55.292] [DEBUG] cheese - admin
[2022-08-10T20:03:55.294] [DEBUG] cheese - null
[2022-08-10T20:03:55.294] [DEBUG] cheese - null
[2022-08-10T22:13:05.173] [DEBUG] cheese - login => username:admin,password:123456
[2022-08-10T22:13:05.173] [DEBUG] cheese - admin
[2022-08-10T22:13:05.174] [DEBUG] cheese - null
[2022-08-10T22:13:05.174] [DEBUG] cheese - null
[2022-08-11T14:31:20.361] [DEBUG] cheese - login => username:admin,password:123456
[2022-08-11T14:31:20.362] [DEBUG] cheese - admin
[2022-08-11T14:31:20.382] [DEBUG] cheese - null
[2022-08-11T14:31:20.382] [DEBUG] cheese - null
[2022-08-11T14:39:38.139] [DEBUG] cheese - login => username:admin,password:123456
[2022-08-11T14:39:38.139] [DEBUG] cheese - admin
[2022-08-11T14:39:38.143] [DEBUG] cheese - null
[2022-08-11T14:39:38.143] [DEBUG] cheese - null
[2022-08-11T19:58:30.912] [DEBUG] cheese - login => username:admin,password:123456
[2022-08-11T19:58:30.913] [DEBUG] cheese - admin
[2022-08-11T19:58:30.915] [DEBUG] cheese - null
[2022-08-11T19:58:30.915] [DEBUG] cheese - null
[2022-08-11T19:59:00.518] [DEBUG] cheese - login => username:admin,password:123456
[2022-08-11T19:59:00.518] [DEBUG] cheese - admin
[2022-08-11T19:59:00.519] [DEBUG] cheese - null
[2022-08-11T19:59:00.519] [DEBUG] cheese - null
[2022-08-11T19:59:06.892] [DEBUG] cheese - login => username:admin,password:123456
[2022-08-11T19:59:06.892] [DEBUG] cheese - admin
[2022-08-11T19:59:06.893] [DEBUG] cheese - null
[2022-08-11T19:59:06.893] [DEBUG] cheese - null
[2022-08-11T21:06:05.255] [DEBUG] cheese - null
[2022-08-11T21:06:39.255] [DEBUG] cheese - null
[2022-08-11T21:20:01.458] [DEBUG] cheese - null
[2022-08-12T13:43:06.601] [DEBUG] cheese - login => username:admin,password:123456
[2022-08-12T13:43:06.602] [DEBUG] cheese - admin
[2022-08-12T13:43:06.618] [DEBUG] cheese - null
[2022-08-12T13:43:06.619] [DEBUG] cheese - null
[2022-08-12T13:43:21.154] [DEBUG] cheese - login => username:admin,password:123456
[2022-08-12T13:43:21.154] [DEBUG] cheese - admin
[2022-08-12T13:43:21.155] [DEBUG] cheese - null
[2022-08-12T13:43:21.155] [DEBUG] cheese - null
[2022-08-12T14:36:37.855] [DEBUG] cheese - login => username:admin,password:123456
[2022-08-12T14:36:37.855] [DEBUG] cheese - admin
[2022-08-12T14:36:37.858] [DEBUG] cheese - null
[2022-08-12T14:36:37.858] [DEBUG] cheese - null
[2022-08-12T14:46:35.458] [DEBUG] cheese - login => username:admin,password:123456
[2022-08-12T14:46:35.458] [DEBUG] cheese - admin
[2022-08-12T14:46:35.461] [DEBUG] cheese - null
[2022-08-12T14:46:35.462] [DEBUG] cheese - null
[2022-08-12T15:33:16.470] [DEBUG] cheese - login => username:admin,password:123456
[2022-08-12T15:33:16.470] [DEBUG] cheese - admin
[2022-08-12T15:33:16.473] [DEBUG] cheese - null
[2022-08-12T15:33:16.473] [DEBUG] cheese - null
[2022-08-12T15:38:29.867] [DEBUG] cheese - login => username:admin,password:123456
[2022-08-12T15:38:29.868] [DEBUG] cheese - admin
[2022-08-12T15:38:29.869] [DEBUG] cheese - null
[2022-08-12T15:38:29.869] [DEBUG] cheese - null
[2022-08-12T15:47:39.004] [DEBUG] cheese - login => username:admin,password:123456
[2022-08-12T15:47:39.004] [DEBUG] cheese - admin
[2022-08-12T15:47:39.006] [DEBUG] cheese - null
[2022-08-12T15:47:39.006] [DEBUG] cheese - null
[2022-08-12T15:48:40.382] [DEBUG] cheese - login => username:admin,password:123456
[2022-08-12T15:48:40.382] [DEBUG] cheese - admin
[2022-08-12T15:48:40.384] [DEBUG] cheese - null
[2022-08-12T15:48:40.384] [DEBUG] cheese - null
[2022-08-12T20:50:29.804] [DEBUG] cheese - login => username:admin,password:123456
[2022-08-12T20:50:29.804] [DEBUG] cheese - admin
[2022-08-12T20:50:29.805] [DEBUG] cheese - null
[2022-08-12T20:50:29.805] [DEBUG] cheese - null
[2022-08-13T13:45:14.821] [DEBUG] cheese - login => username:admin,password:123456
[2022-08-13T13:45:14.822] [DEBUG] cheese - admin
[2022-08-13T13:45:14.841] [DEBUG] cheese - null
[2022-08-13T13:45:14.841] [DEBUG] cheese - null
[2022-08-13T13:45:30.898] [DEBUG] cheese - login => username:admin,password:123456
[2022-08-13T13:45:30.899] [DEBUG] cheese - admin
[2022-08-13T13:45:30.901] [DEBUG] cheese - null
[2022-08-13T13:45:30.902] [DEBUG] cheese - null
[2022-08-13T15:23:46.612] [DEBUG] cheese - login => username:admin,password:123456
[2022-08-13T15:23:46.613] [DEBUG] cheese - admin
[2022-08-13T15:23:46.617] [DEBUG] cheese - null
[2022-08-13T15:23:46.617] [DEBUG] cheese - null
[2022-08-13T17:11:26.086] [DEBUG] cheese - login => username:admin,password:123456
[2022-08-13T17:11:26.087] [DEBUG] cheese - admin
[2022-08-13T17:11:26.091] [DEBUG] cheese - null
[2022-08-13T17:11:26.091] [DEBUG] cheese - null
[2022-08-13T20:50:58.603] [DEBUG] cheese - login => username:admin,password:123456
[2022-08-13T20:50:58.604] [DEBUG] cheese - admin
[2022-08-13T20:50:58.606] [DEBUG] cheese - null
[2022-08-13T20:50:58.607] [DEBUG] cheese - null
[2022-08-14T13:30:39.567] [DEBUG] cheese - login => username:admin,password:123456
[2022-08-14T13:30:39.568] [DEBUG] cheese - admin
[2022-08-14T13:30:39.581] [DEBUG] cheese - null
[2022-08-14T13:30:39.581] [DEBUG] cheese - null
[2022-08-14T13:30:49.114] [DEBUG] cheese - login => username:admin,password:123456
[2022-08-14T13:30:49.114] [DEBUG] cheese - admin
[2022-08-14T13:30:49.116] [DEBUG] cheese - null
[2022-08-14T13:30:49.116] [DEBUG] cheese - null
[2022-08-14T15:14:05.446] [DEBUG] cheese - login => username:admin,password:123456
[2022-08-14T15:14:05.447] [DEBUG] cheese - admin
[2022-08-14T15:14:05.451] [DEBUG] cheese - null
[2022-08-14T15:14:05.451] [DEBUG] cheese - null
[2022-08-14T15:14:32.569] [DEBUG] cheese - login => username:admin,password:123456
[2022-08-14T15:14:32.570] [DEBUG] cheese - admin
[2022-08-14T15:14:32.572] [DEBUG] cheese - null
[2022-08-14T15:14:32.572] [DEBUG] cheese - null
[2022-08-14T16:13:05.155] [DEBUG] cheese - login => username:admin,password:123456
[2022-08-14T16:13:05.156] [DEBUG] cheese - admin
[2022-08-14T16:13:05.158] [DEBUG] cheese - null
[2022-08-14T16:13:05.159] [DEBUG] cheese - null
[2022-08-14T16:38:43.982] [DEBUG] cheese - login => username:admin,password:123456
[2022-08-14T16:38:43.983] [DEBUG] cheese - admin
[2022-08-14T16:38:43.985] [DEBUG] cheese - null
[2022-08-14T16:38:43.985] [DEBUG] cheese - null
[2022-08-14T16:39:08.496] [DEBUG] cheese - login => username:admin,password:123456
[2022-08-14T16:39:08.497] [DEBUG] cheese - admin
[2022-08-14T16:39:08.498] [DEBUG] cheese - null
[2022-08-14T16:39:08.498] [DEBUG] cheese - null
[2022-08-14T17:36:24.607] [DEBUG] cheese - login => username:admin,password:123456
[2022-08-14T17:36:24.608] [DEBUG] cheese - admin
[2022-08-14T17:36:24.611] [DEBUG] cheese - null
[2022-08-14T17:36:24.611] [DEBUG] cheese - null
[2022-08-14T19:17:33.757] [DEBUG] cheese - login => username:admin,password:123456
[2022-08-14T19:17:33.757] [DEBUG] cheese - admin
[2022-08-14T19:17:33.760] [DEBUG] cheese - null
[2022-08-14T19:17:33.761] [DEBUG] cheese - null
[2022-08-14T19:19:05.408] [DEBUG] cheese - login => username:admin,password:123456
[2022-08-14T19:19:05.408] [DEBUG] cheese - admin
[2022-08-14T19:19:05.410] [DEBUG] cheese - null
[2022-08-14T19:19:05.410] [DEBUG] cheese - null
[2022-08-14T20:03:04.032] [DEBUG] cheese - login => username:admin,password:123456
[2022-08-14T20:03:04.033] [DEBUG] cheese - admin
[2022-08-14T20:03:04.036] [DEBUG] cheese - null
[2022-08-14T20:03:04.036] [DEBUG] cheese - null
[2022-08-14T21:10:22.707] [DEBUG] cheese - login => username:admin,password:123456
[2022-08-14T21:10:22.707] [DEBUG] cheese - admin
[2022-08-14T21:10:22.712] [DEBUG] cheese - null
[2022-08-14T21:10:22.712] [DEBUG] cheese - null
[2022-08-14T22:03:32.790] [DEBUG] cheese - null
[2022-08-14T22:05:24.180] [DEBUG] cheese - null
[2022-08-14T22:06:09.449] [DEBUG] cheese - null
[2022-08-14T22:06:20.421] [DEBUG] cheese - null
[2022-08-14T22:06:32.887] [DEBUG] cheese - null
[2022-08-14T22:06:38.677] [DEBUG] cheese - null
[2022-08-14T22:07:58.026] [DEBUG] cheese - null
[2022-08-14T22:08:05.465] [DEBUG] cheese - null
[2022-08-14T22:09:21.785] [DEBUG] cheese - null
[2022-08-15T13:19:59.236] [DEBUG] cheese - login => username:admin,password:123456
[2022-08-15T13:19:59.237] [DEBUG] cheese - admin
[2022-08-15T13:19:59.250] [DEBUG] cheese - null
[2022-08-15T13:19:59.250] [DEBUG] cheese - null
[2022-08-15T16:51:06.617] [DEBUG] cheese - login => username:admin,password:123456
[2022-08-15T16:51:06.618] [DEBUG] cheese - admin
[2022-08-15T16:51:06.621] [DEBUG] cheese - null
[2022-08-15T16:51:06.621] [DEBUG] cheese - null
[2022-08-15T17:17:45.960] [DEBUG] cheese - login => username:admin,password:123456
[2022-08-15T17:17:45.960] [DEBUG] cheese - admin
[2022-08-15T17:17:45.962] [DEBUG] cheese - null
[2022-08-15T17:17:45.962] [DEBUG] cheese - null
[2022-08-15T17:59:07.485] [DEBUG] cheese - login => username:admin,password:123456
[2022-08-15T17:59:07.486] [DEBUG] cheese - admin
[2022-08-15T17:59:07.488] [DEBUG] cheese - null
[2022-08-15T17:59:07.488] [DEBUG] cheese - null
[2022-08-15T18:06:03.208] [DEBUG] cheese - login => username:admin,password:123456
[2022-08-15T18:06:03.209] [DEBUG] cheese - admin
[2022-08-15T18:06:03.211] [DEBUG] cheese - null
[2022-08-15T18:06:03.211] [DEBUG] cheese - null
[2022-08-15T18:08:03.334] [DEBUG] cheese - login => username:admin,password:123456
[2022-08-15T18:08:03.334] [DEBUG] cheese - admin
[2022-08-15T18:08:03.336] [DEBUG] cheese - null
[2022-08-15T18:08:03.336] [DEBUG] cheese - null
[2022-08-15T20:29:51.268] [DEBUG] cheese - login => username:admin,password:123456
[2022-08-15T20:29:51.269] [DEBUG] cheese - admin
[2022-08-15T20:29:51.271] [DEBUG] cheese - null
[2022-08-15T20:29:51.272] [DEBUG] cheese - null
[2022-08-16T11:49:17.928] [DEBUG] cheese - login => username:admin,password:123456
[2022-08-16T11:49:17.929] [DEBUG] cheese - admin
[2022-08-16T11:49:17.941] [DEBUG] cheese - null
[2022-08-16T11:49:17.942] [DEBUG] cheese - null
[2022-08-16T12:21:25.039] [DEBUG] cheese - login => username:admin,password:123456
[2022-08-16T12:21:25.039] [DEBUG] cheese - admin
[2022-08-16T12:21:25.043] [DEBUG] cheese - null
[2022-08-16T12:21:25.043] [DEBUG] cheese - null
[2022-08-16T12:49:15.450] [DEBUG] cheese - login => username:admin,password:123456
[2022-08-16T12:49:15.451] [DEBUG] cheese - admin
[2022-08-16T12:49:15.462] [DEBUG] cheese - null
[2022-08-16T12:49:15.462] [DEBUG] cheese - null
[2022-08-16T12:54:15.115] [DEBUG] cheese - login => username:admin,password:123456
[2022-08-16T12:54:15.115] [DEBUG] cheese - admin
[2022-08-16T12:54:15.117] [DEBUG] cheese - null
[2022-08-16T12:54:15.117] [DEBUG] cheese - null
[2022-08-16T12:59:55.005] [DEBUG] cheese - login => username:admin,password:123456
[2022-08-16T12:59:55.007] [DEBUG] cheese - admin
[2022-08-16T12:59:55.014] [DEBUG] cheese - null
[2022-08-16T12:59:55.014] [DEBUG] cheese - null
[2022-08-16T13:00:08.079] [DEBUG] cheese - login => username:admin,password:123456
[2022-08-16T13:00:08.080] [DEBUG] cheese - admin
[2022-08-16T13:00:08.081] [DEBUG] cheese - null
[2022-08-16T13:00:08.081] [DEBUG] cheese - null
[2022-08-16T13:04:41.764] [DEBUG] cheese - login => username:admin,password:123456
[2022-08-16T13:04:41.764] [DEBUG] cheese - admin
[2022-08-16T13:04:41.772] [DEBUG] cheese - null
[2022-08-16T13:04:41.772] [DEBUG] cheese - null
[2022-08-16T13:08:21.251] [DEBUG] cheese - login => username:admin,password:123456
[2022-08-16T13:08:21.252] [DEBUG] cheese - admin
[2022-08-16T13:08:21.258] [DEBUG] cheese - null
[2022-08-16T13:08:21.259] [DEBUG] cheese - null
[2022-08-16T13:50:02.064] [DEBUG] cheese - login => username:admin,password:123456
[2022-08-16T13:50:02.065] [DEBUG] cheese - admin
[2022-08-16T13:50:02.068] [DEBUG] cheese - null
[2022-08-16T13:50:02.068] [DEBUG] cheese - null
[2022-08-16T13:52:37.826] [DEBUG] cheese - login => username:admin,password:123456
[2022-08-16T13:52:37.826] [DEBUG] cheese - admin
[2022-08-16T13:52:37.830] [DEBUG] cheese - null
[2022-08-16T13:52:37.830] [DEBUG] cheese - null
[2022-08-16T13:55:59.442] [DEBUG] cheese - login => username:admin,password:123456
[2022-08-16T13:55:59.443] [DEBUG] cheese - admin
[2022-08-16T13:55:59.444] [DEBUG] cheese - null
[2022-08-16T13:55:59.445] [DEBUG] cheese - null
[2022-08-16T14:06:52.427] [DEBUG] cheese - login => username:admin,password:123456
[2022-08-16T14:06:52.427] [DEBUG] cheese - admin
[2022-08-16T14:06:52.429] [DEBUG] cheese - null
[2022-08-16T14:06:52.429] [DEBUG] cheese - null
[2022-08-16T14:10:27.713] [DEBUG] cheese - login => username:admin,password:123456
[2022-08-16T14:10:27.713] [DEBUG] cheese - admin
[2022-08-16T14:10:27.716] [DEBUG] cheese - null
[2022-08-16T14:10:27.716] [DEBUG] cheese - null
[2022-08-16T14:11:21.168] [DEBUG] cheese - login => username:admin,password:123456
[2022-08-16T14:11:21.168] [DEBUG] cheese - admin
[2022-08-16T14:11:21.169] [DEBUG] cheese - null
[2022-08-16T14:11:21.169] [DEBUG] cheese - null
[2022-08-16T14:11:46.685] [DEBUG] cheese - login => username:admin,password:123456
[2022-08-16T14:11:46.686] [DEBUG] cheese - admin
[2022-08-16T14:11:46.687] [DEBUG] cheese - null
[2022-08-16T14:11:46.687] [DEBUG] cheese - null
[2022-08-16T14:12:14.223] [DEBUG] cheese - login => username:admin,password:123456
[2022-08-16T14:12:14.223] [DEBUG] cheese - admin
[2022-08-16T14:12:14.224] [DEBUG] cheese - null
[2022-08-16T14:12:14.224] [DEBUG] cheese - null
[2022-08-16T20:11:50.770] [DEBUG] cheese - login => username:admin,password:123456
[2022-08-16T20:11:50.770] [DEBUG] cheese - admin
[2022-08-16T20:11:50.772] [DEBUG] cheese - null
[2022-08-16T20:11:50.772] [DEBUG] cheese - null
[2022-08-16T20:44:55.453] [DEBUG] cheese - login => username:admin,password:123456
[2022-08-16T20:44:55.454] [DEBUG] cheese - admin
[2022-08-16T20:44:55.456] [DEBUG] cheese - null
[2022-08-16T20:44:55.456] [DEBUG] cheese - null
[2022-08-16T21:39:45.867] [DEBUG] cheese - login => username:admin,password:123456
[2022-08-16T21:39:45.868] [DEBUG] cheese - admin
[2022-08-16T21:39:45.869] [DEBUG] cheese - null
[2022-08-16T21:39:45.869] [DEBUG] cheese - null
[2022-08-16T23:34:29.085] [DEBUG] cheese - login => username:admin,password:123456
[2022-08-16T23:34:29.086] [DEBUG] cheese - admin
[2022-08-16T23:34:29.087] [DEBUG] cheese - null
[2022-08-16T23:34:29.088] [DEBUG] cheese - null
[2022-08-16T23:34:38.743] [DEBUG] cheese - login => username:admin,password:123456
[2022-08-16T23:34:38.743] [DEBUG] cheese - admin
[2022-08-16T23:34:38.744] [DEBUG] cheese - null
[2022-08-16T23:34:38.744] [DEBUG] cheese - null
[2022-08-16T23:35:12.125] [DEBUG] cheese - login => username:admin,password:123456
[2022-08-16T23:35:12.125] [DEBUG] cheese - admin
[2022-08-16T23:35:12.126] [DEBUG] cheese - null
[2022-08-16T23:35:12.126] [DEBUG] cheese - null
[2022-08-16T23:38:18.194] [DEBUG] cheese - login => username:admin,password:123456
[2022-08-16T23:38:18.194] [DEBUG] cheese - admin
[2022-08-16T23:38:18.196] [DEBUG] cheese - null
[2022-08-16T23:38:18.196] [DEBUG] cheese - null
[2022-08-16T23:39:12.498] [DEBUG] cheese - login => username:admin,password:123456
[2022-08-16T23:39:12.498] [DEBUG] cheese - admin
[2022-08-16T23:39:12.499] [DEBUG] cheese - null
[2022-08-16T23:39:12.499] [DEBUG] cheese - null
[2022-08-16T23:46:04.616] [DEBUG] cheese - login => username:admin,password:123456
[2022-08-16T23:46:04.616] [DEBUG] cheese - admin
[2022-08-16T23:46:04.617] [DEBUG] cheese - null
[2022-08-16T23:46:04.618] [DEBUG] cheese - null
[2022-08-16T23:56:50.675] [DEBUG] cheese - login => username:admin,password:123456
[2022-08-16T23:56:50.675] [DEBUG] cheese - admin
[2022-08-16T23:56:50.677] [DEBUG] cheese - null
[2022-08-16T23:56:50.677] [DEBUG] cheese - null
[2022-08-16T23:57:20.863] [DEBUG] cheese - login => username:admin,password:123456
[2022-08-16T23:57:20.863] [DEBUG] cheese - admin
[2022-08-16T23:57:20.863] [DEBUG] cheese - null
[2022-08-16T23:57:20.864] [DEBUG] cheese - null
[2022-08-17T00:03:54.886] [DEBUG] cheese - login => username:admin,password:123456
[2022-08-17T00:03:54.886] [DEBUG] cheese - admin
[2022-08-17T00:03:54.889] [DEBUG] cheese - null
[2022-08-17T00:03:54.889] [DEBUG] cheese - null
[2022-08-17T00:12:01.364] [DEBUG] cheese - login => username:admin,password:123456
[2022-08-17T00:12:01.364] [DEBUG] cheese - admin
[2022-08-17T00:12:01.367] [DEBUG] cheese - null
[2022-08-17T00:12:01.367] [DEBUG] cheese - null
[2022-08-17T00:20:24.025] [DEBUG] cheese - login => username:admin,password:123456
[2022-08-17T00:20:24.025] [DEBUG] cheese - admin
[2022-08-17T00:20:24.028] [DEBUG] cheese - null
[2022-08-17T00:20:24.028] [DEBUG] cheese - null
[2022-08-17T00:26:25.425] [DEBUG] cheese - login => username:admin,password:123456
[2022-08-17T00:26:25.425] [DEBUG] cheese - admin
[2022-08-17T00:26:25.427] [DEBUG] cheese - null
[2022-08-17T00:26:25.427] [DEBUG] cheese - null
[2022-08-17T00:28:49.234] [DEBUG] cheese - login => username:admin,password:123456
[2022-08-17T00:28:49.234] [DEBUG] cheese - admin
[2022-08-17T00:28:49.236] [DEBUG] cheese - null
[2022-08-17T00:28:49.236] [DEBUG] cheese - null
[2022-08-17T00:29:03.459] [DEBUG] cheese - login => username:admin,password:123456
[2022-08-17T00:29:03.459] [DEBUG] cheese - admin
[2022-08-17T00:29:03.460] [DEBUG] cheese - null
[2022-08-17T00:29:03.461] [DEBUG] cheese - null
[2022-08-17T00:29:24.365] [DEBUG] cheese - login => username:admin,password:123456
[2022-08-17T00:29:24.365] [DEBUG] cheese - admin
[2022-08-17T00:29:24.366] [DEBUG] cheese - null
[2022-08-17T00:29:24.366] [DEBUG] cheese - null
[2022-08-17T13:49:46.543] [DEBUG] cheese - login => username:admin,password:123456
[2022-08-17T13:49:46.544] [DEBUG] cheese - admin
[2022-08-17T13:49:46.557] [DEBUG] cheese - null
[2022-08-17T13:49:46.557] [DEBUG] cheese - null
[2022-08-17T13:51:49.547] [DEBUG] cheese - login => username:admin,password:123456
[2022-08-17T13:51:49.548] [DEBUG] cheese - admin
[2022-08-17T13:51:49.549] [DEBUG] cheese - null
[2022-08-17T13:51:49.550] [DEBUG] cheese - null
[2022-08-17T14:00:19.299] [DEBUG] cheese - login => username:admin,password:123456
[2022-08-17T14:00:19.300] [DEBUG] cheese - admin
[2022-08-17T14:00:19.302] [DEBUG] cheese - null
[2022-08-17T14:00:19.302] [DEBUG] cheese - null
[2022-08-17T20:33:27.538] [DEBUG] cheese - login => username:admin,password:123456
[2022-08-17T20:33:27.539] [DEBUG] cheese - admin
[2022-08-17T20:33:27.547] [DEBUG] cheese - null
[2022-08-17T20:33:27.547] [DEBUG] cheese - null
[2022-08-17T20:33:32.787] [DEBUG] cheese - login => username:admin,password:123456
[2022-08-17T20:33:32.787] [DEBUG] cheese - admin
[2022-08-17T20:33:32.789] [DEBUG] cheese - null
[2022-08-17T20:33:32.789] [DEBUG] cheese - null
[2022-08-17T21:20:11.689] [DEBUG] cheese - login => username:admin,password:123456
[2022-08-17T21:20:11.689] [DEBUG] cheese - admin
[2022-08-17T21:20:11.691] [DEBUG] cheese - null
[2022-08-17T21:20:11.692] [DEBUG] cheese - null
